2010-09-15-15:15:00.000-05:00I----- HPDRA0387I   pdweb.jct.16 statistics report
2010-09-15-15:15:00.000-05:00I----- pdweb.jct.16 [/UserProfile]
2010-09-15-15:15:00.000-05:00I----- pdweb.jct.16 reqs	 : 370
2010-09-15-15:15:00.000-05:00I----- pdweb.jct.16 max	 : 3.184
2010-09-15-15:15:00.000-05:00I----- pdweb.jct.16 avg	 : 0.223
2010-09-15-15:15:00.000-05:00I----- pdweb.jct.16 total	 : 1:22.680
2010-09-15-15:20:00.000-05:00I----- HPDRA0387I   pdweb.jct.16 statistics report
2010-09-15-15:20:00.000-05:00I----- pdweb.jct.16 [/UserProfile]
2010-09-15-15:20:00.000-05:00I----- pdweb.jct.16 reqs	 : 370
2010-09-15-15:20:00.000-05:00I----- pdweb.jct.16 max	 : 3.184
2010-09-15-15:20:00.000-05:00I----- pdweb.jct.16 avg	 : 0.223
2010-09-15-15:20:00.000-05:00I----- pdweb.jct.16 total	 : 1:22.680
2010-09-15-15:25:00.000-05:00I----- HPDRA0387I   pdweb.jct.16 statistics report
2010-09-15-15:25:00.000-05:00I----- pdweb.jct.16 [/UserProfile]
2010-09-15-15:25:00.000-05:00I----- pdweb.jct.16 reqs	 : 370
2010-09-15-15:25:00.000-05:00I----- pdweb.jct.16 max	 : 3.184
2010-09-15-15:25:00.000-05:00I----- pdweb.jct.16 avg	 : 0.223
2010-09-15-15:25:00.000-05:00I----- pdweb.jct.16 total	 : 1:22.680
2010-09-15-15:30:00.000-05:00I----- HPDRA0387I   pdweb.jct.16 statistics report
2010-09-15-15:30:00.000-05:00I----- pdweb.jct.16 [/UserProfile]
2010-09-15-15:30:00.000-05:00I----- pdweb.jct.16 reqs	 : 370
2010-09-15-15:30:00.000-05:00I----- pdweb.jct.16 max	 : 3.184
2010-09-15-15:30:00.000-05:00I----- pdweb.jct.16 avg	 : 0.223
2010-09-15-15:30:00.000-05:00I----- pdweb.jct.16 total	 : 1:22.680
2010-09-15-15:35:00.000-05:00I----- HPDRA0387I   pdweb.jct.16 statistics report
2010-09-15-15:35:00.000-05:00I----- pdweb.jct.16 [/UserProfile]
2010-09-15-15:35:00.000-05:00I----- pdweb.jct.16 reqs	 : 370
2010-09-15-15:35:00.000-05:00I----- pdweb.jct.16 max	 : 3.184
2010-09-15-15:35:00.000-05:00I----- pdweb.jct.16 avg	 : 0.223
2010-09-15-15:35:00.000-05:00I----- pdweb.jct.16 total	 : 1:22.680
2010-09-15-15:40:00.000-05:00I----- HPDRA0387I   pdweb.jct.16 statistics report
2010-09-15-15:40:00.000-05:00I----- pdweb.jct.16 [/UserProfile]
2010-09-15-15:40:00.000-05:00I----- pdweb.jct.16 reqs	 : 370
2010-09-15-15:40:00.000-05:00I----- pdweb.jct.16 max	 : 3.184
2010-09-15-15:40:00.000-05:00I----- pdweb.jct.16 avg	 : 0.223
2010-09-15-15:40:00.000-05:00I----- pdweb.jct.16 total	 : 1:22.680
2010-09-15-15:45:00.000-05:00I----- HPDRA0387I   pdweb.jct.16 statistics report
2010-09-15-15:45:00.000-05:00I----- pdweb.jct.16 [/UserProfile]
2010-09-15-15:45:00.000-05:00I----- pdweb.jct.16 reqs	 : 370
2010-09-15-15:45:00.000-05:00I----- pdweb.jct.16 max	 : 3.184
2010-09-15-15:45:00.000-05:00I----- pdweb.jct.16 avg	 : 0.223
2010-09-15-15:45:00.000-05:00I----- pdweb.jct.16 total	 : 1:22.680
2010-09-15-15:50:00.000-05:00I----- HPDRA0387I   pdweb.jct.16 statistics report
2010-09-15-15:50:00.000-05:00I----- pdweb.jct.16 [/UserProfile]
2010-09-15-15:50:00.000-05:00I----- pdweb.jct.16 reqs	 : 370
2010-09-15-15:50:00.000-05:00I----- pdweb.jct.16 max	 : 3.184
2010-09-15-15:50:00.000-05:00I----- pdweb.jct.16 avg	 : 0.223
2010-09-15-15:50:00.000-05:00I----- pdweb.jct.16 total	 : 1:22.680
2010-09-15-15:55:00.000-05:00I----- HPDRA0387I   pdweb.jct.16 statistics report
2010-09-15-15:55:00.000-05:00I----- pdweb.jct.16 [/UserProfile]
2010-09-15-15:55:00.000-05:00I----- pdweb.jct.16 reqs	 : 370
2010-09-15-15:55:00.000-05:00I----- pdweb.jct.16 max	 : 3.184
2010-09-15-15:55:00.000-05:00I----- pdweb.jct.16 avg	 : 0.223
2010-09-15-15:55:00.000-05:00I----- pdweb.jct.16 total	 : 1:22.680
2010-09-15-16:00:00.000-05:00I----- HPDRA0387I   pdweb.jct.16 statistics report
2010-09-15-16:00:00.000-05:00I----- pdweb.jct.16 [/UserProfile]
2010-09-15-16:00:00.000-05:00I----- pdweb.jct.16 reqs	 : 370
2010-09-15-16:00:00.000-05:00I----- pdweb.jct.16 max	 : 3.184
2010-09-15-16:00:00.000-05:00I----- pdweb.jct.16 avg	 : 0.223
2010-09-15-16:00:00.000-05:00I----- pdweb.jct.16 total	 : 1:22.680
2010-09-15-16:05:00.000-05:00I----- HPDRA0387I   pdweb.jct.16 statistics report
2010-09-15-16:05:00.000-05:00I----- pdweb.jct.16 [/UserProfile]
2010-09-15-16:05:00.000-05:00I----- pdweb.jct.16 reqs	 : 370
2010-09-15-16:05:00.000-05:00I----- pdweb.jct.16 max	 : 3.184
2010-09-15-16:05:00.000-05:00I----- pdweb.jct.16 avg	 : 0.223
2010-09-15-16:05:00.000-05:00I----- pdweb.jct.16 total	 : 1:22.680
2010-09-15-16:10:00.000-05:00I----- HPDRA0387I   pdweb.jct.16 statistics report
2010-09-15-16:10:00.000-05:00I----- pdweb.jct.16 [/UserProfile]
2010-09-15-16:10:00.000-05:00I----- pdweb.jct.16 reqs	 : 370
2010-09-15-16:10:00.000-05:00I----- pdweb.jct.16 max	 : 3.184
2010-09-15-16:10:00.000-05:00I----- pdweb.jct.16 avg	 : 0.223
2010-09-15-16:10:00.000-05:00I----- pdweb.jct.16 total	 : 1:22.680
2010-09-15-16:15:00.000-05:00I----- HPDRA0387I   pdweb.jct.16 statistics report
2010-09-15-16:15:00.000-05:00I----- pdweb.jct.16 [/UserProfile]
2010-09-15-16:15:00.000-05:00I----- pdweb.jct.16 reqs	 : 370
2010-09-15-16:15:00.000-05:00I----- pdweb.jct.16 max	 : 3.184
2010-09-15-16:15:00.000-05:00I----- pdweb.jct.16 avg	 : 0.223
2010-09-15-16:15:00.000-05:00I----- pdweb.jct.16 total	 : 1:22.680
2010-09-15-16:20:00.000-05:00I----- HPDRA0387I   pdweb.jct.16 statistics report
2010-09-15-16:20:00.000-05:00I----- pdweb.jct.16 [/UserProfile]
2010-09-15-16:20:00.000-05:00I----- pdweb.jct.16 reqs	 : 370
2010-09-15-16:20:00.000-05:00I----- pdweb.jct.16 max	 : 3.184
2010-09-15-16:20:00.000-05:00I----- pdweb.jct.16 avg	 : 0.223
2010-09-15-16:20:00.000-05:00I----- pdweb.jct.16 total	 : 1:22.680
2010-09-15-16:25:00.000-05:00I----- HPDRA0387I   pdweb.jct.16 statistics report
2010-09-15-16:25:00.000-05:00I----- pdweb.jct.16 [/UserProfile]
2010-09-15-16:25:00.000-05:00I----- pdweb.jct.16 reqs	 : 370
2010-09-15-16:25:00.000-05:00I----- pdweb.jct.16 max	 : 3.184
2010-09-15-16:25:00.000-05:00I----- pdweb.jct.16 avg	 : 0.223
2010-09-15-16:25:00.000-05:00I----- pdweb.jct.16 total	 : 1:22.680
2010-09-15-16:30:00.000-05:00I----- HPDRA0387I   pdweb.jct.16 statistics report
2010-09-15-16:30:00.000-05:00I----- pdweb.jct.16 [/UserProfile]
2010-09-15-16:30:00.000-05:00I----- pdweb.jct.16 reqs	 : 370
2010-09-15-16:30:00.000-05:00I----- pdweb.jct.16 max	 : 3.184
2010-09-15-16:30:00.000-05:00I----- pdweb.jct.16 avg	 : 0.223
2010-09-15-16:30:00.000-05:00I----- pdweb.jct.16 total	 : 1:22.680
2010-09-15-16:35:00.000-05:00I----- HPDRA0387I   pdweb.jct.16 statistics report
2010-09-15-16:35:00.000-05:00I----- pdweb.jct.16 [/UserProfile]
2010-09-15-16:35:00.000-05:00I----- pdweb.jct.16 reqs	 : 370
2010-09-15-16:35:00.000-05:00I----- pdweb.jct.16 max	 : 3.184
2010-09-15-16:35:00.000-05:00I----- pdweb.jct.16 avg	 : 0.223
2010-09-15-16:35:00.000-05:00I----- pdweb.jct.16 total	 : 1:22.680
2010-09-15-16:40:00.000-05:00I----- HPDRA0387I   pdweb.jct.16 statistics report
2010-09-15-16:40:00.000-05:00I----- pdweb.jct.16 [/UserProfile]
2010-09-15-16:40:00.000-05:00I----- pdweb.jct.16 reqs	 : 370
2010-09-15-16:40:00.000-05:00I----- pdweb.jct.16 max	 : 3.184
2010-09-15-16:40:00.000-05:00I----- pdweb.jct.16 avg	 : 0.223
2010-09-15-16:40:00.000-05:00I----- pdweb.jct.16 total	 : 1:22.680
2010-09-15-16:45:00.000-05:00I----- HPDRA0387I   pdweb.jct.16 statistics report
2010-09-15-16:45:00.000-05:00I----- pdweb.jct.16 [/UserProfile]
2010-09-15-16:45:00.000-05:00I----- pdweb.jct.16 reqs	 : 370
2010-09-15-16:45:00.000-05:00I----- pdweb.jct.16 max	 : 3.184
2010-09-15-16:45:00.000-05:00I----- pdweb.jct.16 avg	 : 0.223
2010-09-15-16:45:00.000-05:00I----- pdweb.jct.16 total	 : 1:22.680
2010-09-15-16:50:00.000-05:00I----- HPDRA0387I   pdweb.jct.16 statistics report
2010-09-15-16:50:00.000-05:00I----- pdweb.jct.16 [/UserProfile]
2010-09-15-16:50:00.000-05:00I----- pdweb.jct.16 reqs	 : 370
2010-09-15-16:50:00.000-05:00I----- pdweb.jct.16 max	 : 3.184
2010-09-15-16:50:00.000-05:00I----- pdweb.jct.16 avg	 : 0.223
2010-09-15-16:50:00.000-05:00I----- pdweb.jct.16 total	 : 1:22.680
2010-09-15-16:55:00.000-05:00I----- HPDRA0387I   pdweb.jct.16 statistics report
2010-09-15-16:55:00.000-05:00I----- pdweb.jct.16 [/UserProfile]
2010-09-15-16:55:00.000-05:00I----- pdweb.jct.16 reqs	 : 370
2010-09-15-16:55:00.000-05:00I----- pdweb.jct.16 max	 : 3.184
2010-09-15-16:55:00.000-05:00I----- pdweb.jct.16 avg	 : 0.223
2010-09-15-16:55:00.000-05:00I----- pdweb.jct.16 total	 : 1:22.680
2010-09-15-17:00:00.000-05:00I----- HPDRA0387I   pdweb.jct.16 statistics report
2010-09-15-17:00:00.000-05:00I----- pdweb.jct.16 [/UserProfile]
2010-09-15-17:00:00.000-05:00I----- pdweb.jct.16 reqs	 : 370
2010-09-15-17:00:00.000-05:00I----- pdweb.jct.16 max	 : 3.184
2010-09-15-17:00:00.000-05:00I----- pdweb.jct.16 avg	 : 0.223
2010-09-15-17:00:00.000-05:00I----- pdweb.jct.16 total	 : 1:22.680
2010-09-15-17:05:00.000-05:00I----- HPDRA0387I   pdweb.jct.16 statistics report
2010-09-15-17:05:00.000-05:00I----- pdweb.jct.16 [/UserProfile]
2010-09-15-17:05:00.000-05:00I----- pdweb.jct.16 reqs	 : 370
2010-09-15-17:05:00.000-05:00I----- pdweb.jct.16 max	 : 3.184
2010-09-15-17:05:00.000-05:00I----- pdweb.jct.16 avg	 : 0.223
2010-09-15-17:05:00.000-05:00I----- pdweb.jct.16 total	 : 1:22.680
2010-09-15-17:10:00.000-05:00I----- HPDRA0387I   pdweb.jct.16 statistics report
2010-09-15-17:10:00.000-05:00I----- pdweb.jct.16 [/UserProfile]
2010-09-15-17:10:00.000-05:00I----- pdweb.jct.16 reqs	 : 370
2010-09-15-17:10:00.000-05:00I----- pdweb.jct.16 max	 : 3.184
2010-09-15-17:10:00.000-05:00I----- pdweb.jct.16 avg	 : 0.223
2010-09-15-17:10:00.000-05:00I----- pdweb.jct.16 total	 : 1:22.680
2010-09-15-17:15:00.000-05:00I----- HPDRA0387I   pdweb.jct.16 statistics report
2010-09-15-17:15:00.000-05:00I----- pdweb.jct.16 [/UserProfile]
2010-09-15-17:15:00.000-05:00I----- pdweb.jct.16 reqs	 : 370
2010-09-15-17:15:00.000-05:00I----- pdweb.jct.16 max	 : 3.184
2010-09-15-17:15:00.000-05:00I----- pdweb.jct.16 avg	 : 0.223
2010-09-15-17:15:00.000-05:00I----- pdweb.jct.16 total	 : 1:22.680
2010-09-15-17:20:00.000-05:00I----- HPDRA0387I   pdweb.jct.16 statistics report
2010-09-15-17:20:00.000-05:00I----- pdweb.jct.16 [/UserProfile]
2010-09-15-17:20:00.000-05:00I----- pdweb.jct.16 reqs	 : 370
2010-09-15-17:20:00.000-05:00I----- pdweb.jct.16 max	 : 3.184
2010-09-15-17:20:00.000-05:00I----- pdweb.jct.16 avg	 : 0.223
2010-09-15-17:20:00.000-05:00I----- pdweb.jct.16 total	 : 1:22.680
2010-09-15-17:25:00.000-05:00I----- HPDRA0387I   pdweb.jct.16 statistics report
2010-09-15-17:25:00.000-05:00I----- pdweb.jct.16 [/UserProfile]
2010-09-15-17:25:00.000-05:00I----- pdweb.jct.16 reqs	 : 370
2010-09-15-17:25:00.000-05:00I----- pdweb.jct.16 max	 : 3.184
2010-09-15-17:25:00.000-05:00I----- pdweb.jct.16 avg	 : 0.223
2010-09-15-17:25:00.000-05:00I----- pdweb.jct.16 total	 : 1:22.680
2010-09-15-17:30:00.000-05:00I----- HPDRA0387I   pdweb.jct.16 statistics report
2010-09-15-17:30:00.000-05:00I----- pdweb.jct.16 [/UserProfile]
2010-09-15-17:30:00.000-05:00I----- pdweb.jct.16 reqs	 : 370
2010-09-15-17:30:00.000-05:00I----- pdweb.jct.16 max	 : 3.184
2010-09-15-17:30:00.000-05:00I----- pdweb.jct.16 avg	 : 0.223
2010-09-15-17:30:00.000-05:00I----- pdweb.jct.16 total	 : 1:22.680
2010-09-15-17:35:00.000-05:00I----- HPDRA0387I   pdweb.jct.16 statistics report
2010-09-15-17:35:00.000-05:00I----- pdweb.jct.16 [/UserProfile]
2010-09-15-17:35:00.000-05:00I----- pdweb.jct.16 reqs	 : 370
2010-09-15-17:35:00.000-05:00I----- pdweb.jct.16 max	 : 3.184
2010-09-15-17:35:00.000-05:00I----- pdweb.jct.16 avg	 : 0.223
2010-09-15-17:35:00.000-05:00I----- pdweb.jct.16 total	 : 1:22.680
2010-09-15-17:40:00.000-05:00I----- HPDRA0387I   pdweb.jct.16 statistics report
2010-09-15-17:40:00.000-05:00I----- pdweb.jct.16 [/UserProfile]
2010-09-15-17:40:00.000-05:00I----- pdweb.jct.16 reqs	 : 370
2010-09-15-17:40:00.000-05:00I----- pdweb.jct.16 max	 : 3.184
2010-09-15-17:40:00.000-05:00I----- pdweb.jct.16 avg	 : 0.223
2010-09-15-17:40:00.000-05:00I----- pdweb.jct.16 total	 : 1:22.680
2010-09-15-17:45:00.000-05:00I----- HPDRA0387I   pdweb.jct.16 statistics report
2010-09-15-17:45:00.000-05:00I----- pdweb.jct.16 [/UserProfile]
2010-09-15-17:45:00.000-05:00I----- pdweb.jct.16 reqs	 : 370
2010-09-15-17:45:00.000-05:00I----- pdweb.jct.16 max	 : 3.184
2010-09-15-17:45:00.000-05:00I----- pdweb.jct.16 avg	 : 0.223
2010-09-15-17:45:00.000-05:00I----- pdweb.jct.16 total	 : 1:22.680
2010-09-15-17:50:00.000-05:00I----- HPDRA0387I   pdweb.jct.16 statistics report
2010-09-15-17:50:00.000-05:00I----- pdweb.jct.16 [/UserProfile]
2010-09-15-17:50:00.000-05:00I----- pdweb.jct.16 reqs	 : 370
2010-09-15-17:50:00.000-05:00I----- pdweb.jct.16 max	 : 3.184
2010-09-15-17:50:00.000-05:00I----- pdweb.jct.16 avg	 : 0.223
2010-09-15-17:50:00.000-05:00I----- pdweb.jct.16 total	 : 1:22.680
2010-09-15-17:55:00.000-05:00I----- HPDRA0387I   pdweb.jct.16 statistics report
2010-09-15-17:55:00.000-05:00I----- pdweb.jct.16 [/UserProfile]
2010-09-15-17:55:00.000-05:00I----- pdweb.jct.16 reqs	 : 370
2010-09-15-17:55:00.000-05:00I----- pdweb.jct.16 max	 : 3.184
2010-09-15-17:55:00.000-05:00I----- pdweb.jct.16 avg	 : 0.223
2010-09-15-17:55:00.000-05:00I----- pdweb.jct.16 total	 : 1:22.680
2010-09-15-18:00:00.000-05:00I----- HPDRA0387I   pdweb.jct.16 statistics report
2010-09-15-18:00:00.000-05:00I----- pdweb.jct.16 [/UserProfile]
2010-09-15-18:00:00.000-05:00I----- pdweb.jct.16 reqs	 : 370
2010-09-15-18:00:00.000-05:00I----- pdweb.jct.16 max	 : 3.184
2010-09-15-18:00:00.000-05:00I----- pdweb.jct.16 avg	 : 0.223
2010-09-15-18:00:00.000-05:00I----- pdweb.jct.16 total	 : 1:22.680
2010-09-15-18:05:00.000-05:00I----- HPDRA0387I   pdweb.jct.16 statistics report
2010-09-15-18:05:00.000-05:00I----- pdweb.jct.16 [/UserProfile]
2010-09-15-18:05:00.000-05:00I----- pdweb.jct.16 reqs	 : 370
2010-09-15-18:05:00.000-05:00I----- pdweb.jct.16 max	 : 3.184
2010-09-15-18:05:00.000-05:00I----- pdweb.jct.16 avg	 : 0.223
2010-09-15-18:05:00.000-05:00I----- pdweb.jct.16 total	 : 1:22.680
2010-09-15-18:10:00.000-05:00I----- HPDRA0387I   pdweb.jct.16 statistics report
2010-09-15-18:10:00.000-05:00I----- pdweb.jct.16 [/UserProfile]
2010-09-15-18:10:00.000-05:00I----- pdweb.jct.16 reqs	 : 370
2010-09-15-18:10:00.000-05:00I----- pdweb.jct.16 max	 : 3.184
2010-09-15-18:10:00.000-05:00I----- pdweb.jct.16 avg	 : 0.223
2010-09-15-18:10:00.000-05:00I----- pdweb.jct.16 total	 : 1:22.680
2010-09-15-18:15:00.000-05:00I----- HPDRA0387I   pdweb.jct.16 statistics report
2010-09-15-18:15:00.000-05:00I----- pdweb.jct.16 [/UserProfile]
2010-09-15-18:15:00.000-05:00I----- pdweb.jct.16 reqs	 : 370
2010-09-15-18:15:00.000-05:00I----- pdweb.jct.16 max	 : 3.184
2010-09-15-18:15:00.000-05:00I----- pdweb.jct.16 avg	 : 0.223
2010-09-15-18:15:00.000-05:00I----- pdweb.jct.16 total	 : 1:22.680
2010-09-15-18:20:00.000-05:00I----- HPDRA0387I   pdweb.jct.16 statistics report
2010-09-15-18:20:00.000-05:00I----- pdweb.jct.16 [/UserProfile]
2010-09-15-18:20:00.000-05:00I----- pdweb.jct.16 reqs	 : 370
2010-09-15-18:20:00.000-05:00I----- pdweb.jct.16 max	 : 3.184
2010-09-15-18:20:00.000-05:00I----- pdweb.jct.16 avg	 : 0.223
2010-09-15-18:20:00.000-05:00I----- pdweb.jct.16 total	 : 1:22.680
2010-09-15-18:25:00.000-05:00I----- HPDRA0387I   pdweb.jct.16 statistics report
2010-09-15-18:25:00.000-05:00I----- pdweb.jct.16 [/UserProfile]
2010-09-15-18:25:00.000-05:00I----- pdweb.jct.16 reqs	 : 370
2010-09-15-18:25:00.000-05:00I----- pdweb.jct.16 max	 : 3.184
2010-09-15-18:25:00.000-05:00I----- pdweb.jct.16 avg	 : 0.223
2010-09-15-18:25:00.000-05:00I----- pdweb.jct.16 total	 : 1:22.680
2010-09-15-18:30:00.000-05:00I----- HPDRA0387I   pdweb.jct.16 statistics report
2010-09-15-18:30:00.000-05:00I----- pdweb.jct.16 [/UserProfile]
2010-09-15-18:30:00.000-05:00I----- pdweb.jct.16 reqs	 : 370
2010-09-15-18:30:00.000-05:00I----- pdweb.jct.16 max	 : 3.184
2010-09-15-18:30:00.000-05:00I----- pdweb.jct.16 avg	 : 0.223
2010-09-15-18:30:00.000-05:00I----- pdweb.jct.16 total	 : 1:22.680
2010-09-15-18:35:00.000-05:00I----- HPDRA0387I   pdweb.jct.16 statistics report
2010-09-15-18:35:00.000-05:00I----- pdweb.jct.16 [/UserProfile]
2010-09-15-18:35:00.000-05:00I----- pdweb.jct.16 reqs	 : 370
2010-09-15-18:35:00.000-05:00I----- pdweb.jct.16 max	 : 3.184
2010-09-15-18:35:00.000-05:00I----- pdweb.jct.16 avg	 : 0.223
2010-09-15-18:35:00.000-05:00I----- pdweb.jct.16 total	 : 1:22.680
2010-09-15-18:40:00.000-05:00I----- HPDRA0387I   pdweb.jct.16 statistics report
2010-09-15-18:40:00.000-05:00I----- pdweb.jct.16 [/UserProfile]
2010-09-15-18:40:00.000-05:00I----- pdweb.jct.16 reqs	 : 370
2010-09-15-18:40:00.000-05:00I----- pdweb.jct.16 max	 : 3.184
2010-09-15-18:40:00.000-05:00I----- pdweb.jct.16 avg	 : 0.223
2010-09-15-18:40:00.000-05:00I----- pdweb.jct.16 total	 : 1:22.680
2010-09-15-18:45:00.000-05:00I----- HPDRA0387I   pdweb.jct.16 statistics report
2010-09-15-18:45:00.000-05:00I----- pdweb.jct.16 [/UserProfile]
2010-09-15-18:45:00.000-05:00I----- pdweb.jct.16 reqs	 : 370
2010-09-15-18:45:00.000-05:00I----- pdweb.jct.16 max	 : 3.184
2010-09-15-18:45:00.000-05:00I----- pdweb.jct.16 avg	 : 0.223
2010-09-15-18:45:00.000-05:00I----- pdweb.jct.16 total	 : 1:22.680
2010-09-15-18:50:00.000-05:00I----- HPDRA0387I   pdweb.jct.16 statistics report
2010-09-15-18:50:00.000-05:00I----- pdweb.jct.16 [/UserProfile]
2010-09-15-18:50:00.000-05:00I----- pdweb.jct.16 reqs	 : 370
2010-09-15-18:50:00.000-05:00I----- pdweb.jct.16 max	 : 3.184
2010-09-15-18:50:00.000-05:00I----- pdweb.jct.16 avg	 : 0.223
2010-09-15-18:50:00.000-05:00I----- pdweb.jct.16 total	 : 1:22.680
2010-09-15-18:55:00.000-05:00I----- HPDRA0387I   pdweb.jct.16 statistics report
2010-09-15-18:55:00.000-05:00I----- pdweb.jct.16 [/UserProfile]
2010-09-15-18:55:00.000-05:00I----- pdweb.jct.16 reqs	 : 370
2010-09-15-18:55:00.000-05:00I----- pdweb.jct.16 max	 : 3.184
2010-09-15-18:55:00.000-05:00I----- pdweb.jct.16 avg	 : 0.223
2010-09-15-18:55:00.000-05:00I----- pdweb.jct.16 total	 : 1:22.680
2010-09-15-19:00:00.000-05:00I----- HPDRA0387I   pdweb.jct.16 statistics report
2010-09-15-19:00:00.000-05:00I----- pdweb.jct.16 [/UserProfile]
2010-09-15-19:00:00.000-05:00I----- pdweb.jct.16 reqs	 : 370
2010-09-15-19:00:00.000-05:00I----- pdweb.jct.16 max	 : 3.184
2010-09-15-19:00:00.000-05:00I----- pdweb.jct.16 avg	 : 0.223
2010-09-15-19:00:00.000-05:00I----- pdweb.jct.16 total	 : 1:22.680
2010-09-15-19:05:00.000-05:00I----- HPDRA0387I   pdweb.jct.16 statistics report
2010-09-15-19:05:00.000-05:00I----- pdweb.jct.16 [/UserProfile]
2010-09-15-19:05:00.000-05:00I----- pdweb.jct.16 reqs	 : 370
2010-09-15-19:05:00.000-05:00I----- pdweb.jct.16 max	 : 3.184
2010-09-15-19:05:00.000-05:00I----- pdweb.jct.16 avg	 : 0.223
2010-09-15-19:05:00.000-05:00I----- pdweb.jct.16 total	 : 1:22.680
2010-09-15-19:10:00.000-05:00I----- HPDRA0387I   pdweb.jct.16 statistics report
2010-09-15-19:10:00.000-05:00I----- pdweb.jct.16 [/UserProfile]
2010-09-15-19:10:00.000-05:00I----- pdweb.jct.16 reqs	 : 370
2010-09-15-19:10:00.000-05:00I----- pdweb.jct.16 max	 : 3.184
2010-09-15-19:10:00.000-05:00I----- pdweb.jct.16 avg	 : 0.223
2010-09-15-19:10:00.000-05:00I----- pdweb.jct.16 total	 : 1:22.680
2010-09-15-19:15:00.000-05:00I----- HPDRA0387I   pdweb.jct.16 statistics report
2010-09-15-19:15:00.000-05:00I----- pdweb.jct.16 [/UserProfile]
2010-09-15-19:15:00.000-05:00I----- pdweb.jct.16 reqs	 : 370
2010-09-15-19:15:00.000-05:00I----- pdweb.jct.16 max	 : 3.184
2010-09-15-19:15:00.000-05:00I----- pdweb.jct.16 avg	 : 0.223
2010-09-15-19:15:00.000-05:00I----- pdweb.jct.16 total	 : 1:22.680
2010-09-15-19:20:00.000-05:00I----- HPDRA0387I   pdweb.jct.16 statistics report
2010-09-15-19:20:00.000-05:00I----- pdweb.jct.16 [/UserProfile]
2010-09-15-19:20:00.000-05:00I----- pdweb.jct.16 reqs	 : 370
2010-09-15-19:20:00.000-05:00I----- pdweb.jct.16 max	 : 3.184
2010-09-15-19:20:00.000-05:00I----- pdweb.jct.16 avg	 : 0.223
2010-09-15-19:20:00.000-05:00I----- pdweb.jct.16 total	 : 1:22.680
2010-09-15-19:25:00.000-05:00I----- HPDRA0387I   pdweb.jct.16 statistics report
2010-09-15-19:25:00.000-05:00I----- pdweb.jct.16 [/UserProfile]
2010-09-15-19:25:00.000-05:00I----- pdweb.jct.16 reqs	 : 370
2010-09-15-19:25:00.000-05:00I----- pdweb.jct.16 max	 : 3.184
2010-09-15-19:25:00.000-05:00I----- pdweb.jct.16 avg	 : 0.223
2010-09-15-19:25:00.000-05:00I----- pdweb.jct.16 total	 : 1:22.680
2010-09-15-19:30:00.000-05:00I----- HPDRA0387I   pdweb.jct.16 statistics report
2010-09-15-19:30:00.000-05:00I----- pdweb.jct.16 [/UserProfile]
2010-09-15-19:30:00.000-05:00I----- pdweb.jct.16 reqs	 : 370
2010-09-15-19:30:00.000-05:00I----- pdweb.jct.16 max	 : 3.184
2010-09-15-19:30:00.000-05:00I----- pdweb.jct.16 avg	 : 0.223
2010-09-15-19:30:00.000-05:00I----- pdweb.jct.16 total	 : 1:22.680
2010-09-15-19:35:00.000-05:00I----- HPDRA0387I   pdweb.jct.16 statistics report
2010-09-15-19:35:00.000-05:00I----- pdweb.jct.16 [/UserProfile]
2010-09-15-19:35:00.000-05:00I----- pdweb.jct.16 reqs	 : 370
2010-09-15-19:35:00.000-05:00I----- pdweb.jct.16 max	 : 3.184
2010-09-15-19:35:00.000-05:00I----- pdweb.jct.16 avg	 : 0.223
2010-09-15-19:35:00.000-05:00I----- pdweb.jct.16 total	 : 1:22.680
2010-09-15-19:40:00.000-05:00I----- HPDRA0387I   pdweb.jct.16 statistics report
2010-09-15-19:40:00.000-05:00I----- pdweb.jct.16 [/UserProfile]
2010-09-15-19:40:00.000-05:00I----- pdweb.jct.16 reqs	 : 370
2010-09-15-19:40:00.000-05:00I----- pdweb.jct.16 max	 : 3.184
2010-09-15-19:40:00.000-05:00I----- pdweb.jct.16 avg	 : 0.223
2010-09-15-19:40:00.000-05:00I----- pdweb.jct.16 total	 : 1:22.680
2010-09-15-19:45:00.000-05:00I----- HPDRA0387I   pdweb.jct.16 statistics report
2010-09-15-19:45:00.000-05:00I----- pdweb.jct.16 [/UserProfile]
2010-09-15-19:45:00.000-05:00I----- pdweb.jct.16 reqs	 : 370
2010-09-15-19:45:00.000-05:00I----- pdweb.jct.16 max	 : 3.184
2010-09-15-19:45:00.000-05:00I----- pdweb.jct.16 avg	 : 0.223
2010-09-15-19:45:00.000-05:00I----- pdweb.jct.16 total	 : 1:22.680
2010-09-15-19:50:00.000-05:00I----- HPDRA0387I   pdweb.jct.16 statistics report
2010-09-15-19:50:00.000-05:00I----- pdweb.jct.16 [/UserProfile]
2010-09-15-19:50:00.000-05:00I----- pdweb.jct.16 reqs	 : 370
2010-09-15-19:50:00.000-05:00I----- pdweb.jct.16 max	 : 3.184
2010-09-15-19:50:00.000-05:00I----- pdweb.jct.16 avg	 : 0.223
2010-09-15-19:50:00.000-05:00I----- pdweb.jct.16 total	 : 1:22.680
2010-09-15-19:55:00.000-05:00I----- HPDRA0387I   pdweb.jct.16 statistics report
2010-09-15-19:55:00.000-05:00I----- pdweb.jct.16 [/UserProfile]
2010-09-15-19:55:00.000-05:00I----- pdweb.jct.16 reqs	 : 370
2010-09-15-19:55:00.000-05:00I----- pdweb.jct.16 max	 : 3.184
2010-09-15-19:55:00.000-05:00I----- pdweb.jct.16 avg	 : 0.223
2010-09-15-19:55:00.000-05:00I----- pdweb.jct.16 total	 : 1:22.680
2010-09-15-20:00:00.000-05:00I----- HPDRA0387I   pdweb.jct.16 statistics report
2010-09-15-20:00:00.000-05:00I----- pdweb.jct.16 [/UserProfile]
2010-09-15-20:00:00.000-05:00I----- pdweb.jct.16 reqs	 : 370
2010-09-15-20:00:00.000-05:00I----- pdweb.jct.16 max	 : 3.184
2010-09-15-20:00:00.000-05:00I----- pdweb.jct.16 avg	 : 0.223
2010-09-15-20:00:00.000-05:00I----- pdweb.jct.16 total	 : 1:22.680
2010-09-15-20:05:00.000-05:00I----- HPDRA0387I   pdweb.jct.16 statistics report
2010-09-15-20:05:00.000-05:00I----- pdweb.jct.16 [/UserProfile]
2010-09-15-20:05:00.000-05:00I----- pdweb.jct.16 reqs	 : 370
2010-09-15-20:05:00.000-05:00I----- pdweb.jct.16 max	 : 3.184
2010-09-15-20:05:00.000-05:00I----- pdweb.jct.16 avg	 : 0.223
2010-09-15-20:05:00.000-05:00I----- pdweb.jct.16 total	 : 1:22.680
2010-09-15-20:10:00.000-05:00I----- HPDRA0387I   pdweb.jct.16 statistics report
2010-09-15-20:10:00.000-05:00I----- pdweb.jct.16 [/UserProfile]
2010-09-15-20:10:00.000-05:00I----- pdweb.jct.16 reqs	 : 370
2010-09-15-20:10:00.000-05:00I----- pdweb.jct.16 max	 : 3.184
2010-09-15-20:10:00.000-05:00I----- pdweb.jct.16 avg	 : 0.223
2010-09-15-20:10:00.000-05:00I----- pdweb.jct.16 total	 : 1:22.680
2010-09-15-20:15:00.000-05:00I----- HPDRA0387I   pdweb.jct.16 statistics report
2010-09-15-20:15:00.000-05:00I----- pdweb.jct.16 [/UserProfile]
2010-09-15-20:15:00.000-05:00I----- pdweb.jct.16 reqs	 : 370
2010-09-15-20:15:00.000-05:00I----- pdweb.jct.16 max	 : 3.184
2010-09-15-20:15:00.000-05:00I----- pdweb.jct.16 avg	 : 0.223
2010-09-15-20:15:00.000-05:00I----- pdweb.jct.16 total	 : 1:22.680
2010-09-15-20:20:00.000-05:00I----- HPDRA0387I   pdweb.jct.16 statistics report
2010-09-15-20:20:00.000-05:00I----- pdweb.jct.16 [/UserProfile]
2010-09-15-20:20:00.000-05:00I----- pdweb.jct.16 reqs	 : 370
2010-09-15-20:20:00.000-05:00I----- pdweb.jct.16 max	 : 3.184
2010-09-15-20:20:00.000-05:00I----- pdweb.jct.16 avg	 : 0.223
2010-09-15-20:20:00.000-05:00I----- pdweb.jct.16 total	 : 1:22.680
2010-09-15-20:25:00.000-05:00I----- HPDRA0387I   pdweb.jct.16 statistics report
2010-09-15-20:25:00.000-05:00I----- pdweb.jct.16 [/UserProfile]
2010-09-15-20:25:00.000-05:00I----- pdweb.jct.16 reqs	 : 370
2010-09-15-20:25:00.000-05:00I----- pdweb.jct.16 max	 : 3.184
2010-09-15-20:25:00.000-05:00I----- pdweb.jct.16 avg	 : 0.223
2010-09-15-20:25:00.000-05:00I----- pdweb.jct.16 total	 : 1:22.680
2010-09-15-20:30:00.000-05:00I----- HPDRA0387I   pdweb.jct.16 statistics report
2010-09-15-20:30:00.000-05:00I----- pdweb.jct.16 [/UserProfile]
2010-09-15-20:30:00.000-05:00I----- pdweb.jct.16 reqs	 : 370
2010-09-15-20:30:00.000-05:00I----- pdweb.jct.16 max	 : 3.184
2010-09-15-20:30:00.000-05:00I----- pdweb.jct.16 avg	 : 0.223
2010-09-15-20:30:00.000-05:00I----- pdweb.jct.16 total	 : 1:22.680
2010-09-15-20:35:00.000-05:00I----- HPDRA0387I   pdweb.jct.16 statistics report
2010-09-15-20:35:00.000-05:00I----- pdweb.jct.16 [/UserProfile]
2010-09-15-20:35:00.000-05:00I----- pdweb.jct.16 reqs	 : 370
2010-09-15-20:35:00.000-05:00I----- pdweb.jct.16 max	 : 3.184
2010-09-15-20:35:00.000-05:00I----- pdweb.jct.16 avg	 : 0.223
2010-09-15-20:35:00.000-05:00I----- pdweb.jct.16 total	 : 1:22.680
2010-09-15-20:40:00.000-05:00I----- HPDRA0387I   pdweb.jct.16 statistics report
2010-09-15-20:40:00.000-05:00I----- pdweb.jct.16 [/UserProfile]
2010-09-15-20:40:00.000-05:00I----- pdweb.jct.16 reqs	 : 370
2010-09-15-20:40:00.000-05:00I----- pdweb.jct.16 max	 : 3.184
2010-09-15-20:40:00.000-05:00I----- pdweb.jct.16 avg	 : 0.223
2010-09-15-20:40:00.000-05:00I----- pdweb.jct.16 total	 : 1:22.680
2010-09-15-20:45:00.000-05:00I----- HPDRA0387I   pdweb.jct.16 statistics report
2010-09-15-20:45:00.000-05:00I----- pdweb.jct.16 [/UserProfile]
2010-09-15-20:45:00.000-05:00I----- pdweb.jct.16 reqs	 : 370
2010-09-15-20:45:00.000-05:00I----- pdweb.jct.16 max	 : 3.184
2010-09-15-20:45:00.000-05:00I----- pdweb.jct.16 avg	 : 0.223
2010-09-15-20:45:00.000-05:00I----- pdweb.jct.16 total	 : 1:22.680
2010-09-15-20:50:00.000-05:00I----- HPDRA0387I   pdweb.jct.16 statistics report
2010-09-15-20:50:00.000-05:00I----- pdweb.jct.16 [/UserProfile]
2010-09-15-20:50:00.000-05:00I----- pdweb.jct.16 reqs	 : 370
2010-09-15-20:50:00.000-05:00I----- pdweb.jct.16 max	 : 3.184
2010-09-15-20:50:00.000-05:00I----- pdweb.jct.16 avg	 : 0.223
2010-09-15-20:50:00.000-05:00I----- pdweb.jct.16 total	 : 1:22.680
2010-09-15-20:55:00.000-05:00I----- HPDRA0387I   pdweb.jct.16 statistics report
2010-09-15-20:55:00.000-05:00I----- pdweb.jct.16 [/UserProfile]
2010-09-15-20:55:00.000-05:00I----- pdweb.jct.16 reqs	 : 370
2010-09-15-20:55:00.000-05:00I----- pdweb.jct.16 max	 : 3.184
2010-09-15-20:55:00.000-05:00I----- pdweb.jct.16 avg	 : 0.223
2010-09-15-20:55:00.000-05:00I----- pdweb.jct.16 total	 : 1:22.680
2010-09-15-21:00:00.000-05:00I----- HPDRA0387I   pdweb.jct.16 statistics report
2010-09-15-21:00:00.000-05:00I----- pdweb.jct.16 [/UserProfile]
2010-09-15-21:00:00.000-05:00I----- pdweb.jct.16 reqs	 : 370
2010-09-15-21:00:00.000-05:00I----- pdweb.jct.16 max	 : 3.184
2010-09-15-21:00:00.000-05:00I----- pdweb.jct.16 avg	 : 0.223
2010-09-15-21:00:00.000-05:00I----- pdweb.jct.16 total	 : 1:22.680
2010-09-15-21:05:00.000-05:00I----- HPDRA0387I   pdweb.jct.16 statistics report
2010-09-15-21:05:00.000-05:00I----- pdweb.jct.16 [/UserProfile]
2010-09-15-21:05:00.000-05:00I----- pdweb.jct.16 reqs	 : 370
2010-09-15-21:05:00.000-05:00I----- pdweb.jct.16 max	 : 3.184
2010-09-15-21:05:00.000-05:00I----- pdweb.jct.16 avg	 : 0.223
2010-09-15-21:05:00.000-05:00I----- pdweb.jct.16 total	 : 1:22.680
2010-09-15-21:10:00.000-05:00I----- HPDRA0387I   pdweb.jct.16 statistics report
2010-09-15-21:10:00.000-05:00I----- pdweb.jct.16 [/UserProfile]
2010-09-15-21:10:00.000-05:00I----- pdweb.jct.16 reqs	 : 370
2010-09-15-21:10:00.000-05:00I----- pdweb.jct.16 max	 : 3.184
2010-09-15-21:10:00.000-05:00I----- pdweb.jct.16 avg	 : 0.223
2010-09-15-21:10:00.000-05:00I----- pdweb.jct.16 total	 : 1:22.680
2010-09-15-21:15:00.000-05:00I----- HPDRA0387I   pdweb.jct.16 statistics report
2010-09-15-21:15:00.000-05:00I----- pdweb.jct.16 [/UserProfile]
2010-09-15-21:15:00.000-05:00I----- pdweb.jct.16 reqs	 : 370
2010-09-15-21:15:00.000-05:00I----- pdweb.jct.16 max	 : 3.184
2010-09-15-21:15:00.000-05:00I----- pdweb.jct.16 avg	 : 0.223
2010-09-15-21:15:00.000-05:00I----- pdweb.jct.16 total	 : 1:22.680
2010-09-15-21:20:00.000-05:00I----- HPDRA0387I   pdweb.jct.16 statistics report
2010-09-15-21:20:00.000-05:00I----- pdweb.jct.16 [/UserProfile]
2010-09-15-21:20:00.000-05:00I----- pdweb.jct.16 reqs	 : 370
2010-09-15-21:20:00.000-05:00I----- pdweb.jct.16 max	 : 3.184
2010-09-15-21:20:00.000-05:00I----- pdweb.jct.16 avg	 : 0.223
2010-09-15-21:20:00.000-05:00I----- pdweb.jct.16 total	 : 1:22.680
2010-09-15-21:25:00.000-05:00I----- HPDRA0387I   pdweb.jct.16 statistics report
2010-09-15-21:25:00.000-05:00I----- pdweb.jct.16 [/UserProfile]
2010-09-15-21:25:00.000-05:00I----- pdweb.jct.16 reqs	 : 370
2010-09-15-21:25:00.000-05:00I----- pdweb.jct.16 max	 : 3.184
2010-09-15-21:25:00.000-05:00I----- pdweb.jct.16 avg	 : 0.223
2010-09-15-21:25:00.000-05:00I----- pdweb.jct.16 total	 : 1:22.680
2010-09-15-21:30:00.000-05:00I----- HPDRA0387I   pdweb.jct.16 statistics report
2010-09-15-21:30:00.000-05:00I----- pdweb.jct.16 [/UserProfile]
2010-09-15-21:30:00.000-05:00I----- pdweb.jct.16 reqs	 : 370
2010-09-15-21:30:00.000-05:00I----- pdweb.jct.16 max	 : 3.184
2010-09-15-21:30:00.000-05:00I----- pdweb.jct.16 avg	 : 0.223
2010-09-15-21:30:00.000-05:00I----- pdweb.jct.16 total	 : 1:22.680
2010-09-15-21:35:00.000-05:00I----- HPDRA0387I   pdweb.jct.16 statistics report
2010-09-15-21:35:00.000-05:00I----- pdweb.jct.16 [/UserProfile]
2010-09-15-21:35:00.000-05:00I----- pdweb.jct.16 reqs	 : 370
2010-09-15-21:35:00.000-05:00I----- pdweb.jct.16 max	 : 3.184
2010-09-15-21:35:00.000-05:00I----- pdweb.jct.16 avg	 : 0.223
2010-09-15-21:35:00.000-05:00I----- pdweb.jct.16 total	 : 1:22.680
2010-09-15-21:40:00.000-05:00I----- HPDRA0387I   pdweb.jct.16 statistics report
2010-09-15-21:40:00.000-05:00I----- pdweb.jct.16 [/UserProfile]
2010-09-15-21:40:00.000-05:00I----- pdweb.jct.16 reqs	 : 370
2010-09-15-21:40:00.000-05:00I----- pdweb.jct.16 max	 : 3.184
2010-09-15-21:40:00.000-05:00I----- pdweb.jct.16 avg	 : 0.223
2010-09-15-21:40:00.000-05:00I----- pdweb.jct.16 total	 : 1:22.680
2010-09-15-21:45:00.000-05:00I----- HPDRA0387I   pdweb.jct.16 statistics report
2010-09-15-21:45:00.000-05:00I----- pdweb.jct.16 [/UserProfile]
2010-09-15-21:45:00.000-05:00I----- pdweb.jct.16 reqs	 : 370
2010-09-15-21:45:00.000-05:00I----- pdweb.jct.16 max	 : 3.184
2010-09-15-21:45:00.000-05:00I----- pdweb.jct.16 avg	 : 0.223
2010-09-15-21:45:00.000-05:00I----- pdweb.jct.16 total	 : 1:22.680
2010-09-15-21:50:00.000-05:00I----- HPDRA0387I   pdweb.jct.16 statistics report
2010-09-15-21:50:00.000-05:00I----- pdweb.jct.16 [/UserProfile]
2010-09-15-21:50:00.000-05:00I----- pdweb.jct.16 reqs	 : 370
2010-09-15-21:50:00.000-05:00I----- pdweb.jct.16 max	 : 3.184
2010-09-15-21:50:00.000-05:00I----- pdweb.jct.16 avg	 : 0.223
2010-09-15-21:50:00.000-05:00I----- pdweb.jct.16 total	 : 1:22.680
2010-09-15-21:55:00.000-05:00I----- HPDRA0387I   pdweb.jct.16 statistics report
2010-09-15-21:55:00.000-05:00I----- pdweb.jct.16 [/UserProfile]
2010-09-15-21:55:00.000-05:00I----- pdweb.jct.16 reqs	 : 370
2010-09-15-21:55:00.000-05:00I----- pdweb.jct.16 max	 : 3.184
2010-09-15-21:55:00.000-05:00I----- pdweb.jct.16 avg	 : 0.223
2010-09-15-21:55:00.000-05:00I----- pdweb.jct.16 total	 : 1:22.680
2010-09-15-22:00:00.000-05:00I----- HPDRA0387I   pdweb.jct.16 statistics report
2010-09-15-22:00:00.000-05:00I----- pdweb.jct.16 [/UserProfile]
2010-09-15-22:00:00.000-05:00I----- pdweb.jct.16 reqs	 : 370
2010-09-15-22:00:00.000-05:00I----- pdweb.jct.16 max	 : 3.184
2010-09-15-22:00:00.000-05:00I----- pdweb.jct.16 avg	 : 0.223
2010-09-15-22:00:00.000-05:00I----- pdweb.jct.16 total	 : 1:22.680
2010-09-15-22:05:00.000-05:00I----- HPDRA0387I   pdweb.jct.16 statistics report
2010-09-15-22:05:00.000-05:00I----- pdweb.jct.16 [/UserProfile]
2010-09-15-22:05:00.000-05:00I----- pdweb.jct.16 reqs	 : 370
2010-09-15-22:05:00.000-05:00I----- pdweb.jct.16 max	 : 3.184
2010-09-15-22:05:00.000-05:00I----- pdweb.jct.16 avg	 : 0.223
2010-09-15-22:05:00.000-05:00I----- pdweb.jct.16 total	 : 1:22.680
2010-09-15-22:10:00.000-05:00I----- HPDRA0387I   pdweb.jct.16 statistics report
2010-09-15-22:10:00.000-05:00I----- pdweb.jct.16 [/UserProfile]
2010-09-15-22:10:00.000-05:00I----- pdweb.jct.16 reqs	 : 370
2010-09-15-22:10:00.000-05:00I----- pdweb.jct.16 max	 : 3.184
2010-09-15-22:10:00.000-05:00I----- pdweb.jct.16 avg	 : 0.223
2010-09-15-22:10:00.000-05:00I----- pdweb.jct.16 total	 : 1:22.680
2010-09-15-22:15:00.000-05:00I----- HPDRA0387I   pdweb.jct.16 statistics report
2010-09-15-22:15:00.000-05:00I----- pdweb.jct.16 [/UserProfile]
2010-09-15-22:15:00.000-05:00I----- pdweb.jct.16 reqs	 : 370
2010-09-15-22:15:00.000-05:00I----- pdweb.jct.16 max	 : 3.184
2010-09-15-22:15:00.000-05:00I----- pdweb.jct.16 avg	 : 0.223
2010-09-15-22:15:00.000-05:00I----- pdweb.jct.16 total	 : 1:22.680
2010-09-15-22:20:00.000-05:00I----- HPDRA0387I   pdweb.jct.16 statistics report
2010-09-15-22:20:00.000-05:00I----- pdweb.jct.16 [/UserProfile]
2010-09-15-22:20:00.000-05:00I----- pdweb.jct.16 reqs	 : 370
2010-09-15-22:20:00.000-05:00I----- pdweb.jct.16 max	 : 3.184
2010-09-15-22:20:00.000-05:00I----- pdweb.jct.16 avg	 : 0.223
2010-09-15-22:20:00.000-05:00I----- pdweb.jct.16 total	 : 1:22.680
2010-09-15-22:25:00.000-05:00I----- HPDRA0387I   pdweb.jct.16 statistics report
2010-09-15-22:25:00.000-05:00I----- pdweb.jct.16 [/UserProfile]
2010-09-15-22:25:00.000-05:00I----- pdweb.jct.16 reqs	 : 370
2010-09-15-22:25:00.000-05:00I----- pdweb.jct.16 max	 : 3.184
2010-09-15-22:25:00.000-05:00I----- pdweb.jct.16 avg	 : 0.223
2010-09-15-22:25:00.000-05:00I----- pdweb.jct.16 total	 : 1:22.680
2010-09-15-22:30:00.000-05:00I----- HPDRA0387I   pdweb.jct.16 statistics report
2010-09-15-22:30:00.000-05:00I----- pdweb.jct.16 [/UserProfile]
2010-09-15-22:30:00.000-05:00I----- pdweb.jct.16 reqs	 : 370
2010-09-15-22:30:00.000-05:00I----- pdweb.jct.16 max	 : 3.184
2010-09-15-22:30:00.000-05:00I----- pdweb.jct.16 avg	 : 0.223
2010-09-15-22:30:00.000-05:00I----- pdweb.jct.16 total	 : 1:22.680
2010-09-15-22:35:00.000-05:00I----- HPDRA0387I   pdweb.jct.16 statistics report
2010-09-15-22:35:00.000-05:00I----- pdweb.jct.16 [/UserProfile]
2010-09-15-22:35:00.000-05:00I----- pdweb.jct.16 reqs	 : 370
2010-09-15-22:35:00.000-05:00I----- pdweb.jct.16 max	 : 3.184
2010-09-15-22:35:00.000-05:00I----- pdweb.jct.16 avg	 : 0.223
2010-09-15-22:35:00.000-05:00I----- pdweb.jct.16 total	 : 1:22.680
2010-09-15-22:40:00.000-05:00I----- HPDRA0387I   pdweb.jct.16 statistics report
2010-09-15-22:40:00.000-05:00I----- pdweb.jct.16 [/UserProfile]
2010-09-15-22:40:00.000-05:00I----- pdweb.jct.16 reqs	 : 370
2010-09-15-22:40:00.000-05:00I----- pdweb.jct.16 max	 : 3.184
2010-09-15-22:40:00.000-05:00I----- pdweb.jct.16 avg	 : 0.223
2010-09-15-22:40:00.000-05:00I----- pdweb.jct.16 total	 : 1:22.680
2010-09-15-22:45:00.000-05:00I----- HPDRA0387I   pdweb.jct.16 statistics report
2010-09-15-22:45:00.000-05:00I----- pdweb.jct.16 [/UserProfile]
2010-09-15-22:45:00.000-05:00I----- pdweb.jct.16 reqs	 : 370
2010-09-15-22:45:00.000-05:00I----- pdweb.jct.16 max	 : 3.184
2010-09-15-22:45:00.000-05:00I----- pdweb.jct.16 avg	 : 0.223
2010-09-15-22:45:00.000-05:00I----- pdweb.jct.16 total	 : 1:22.680
2010-09-15-22:50:00.000-05:00I----- HPDRA0387I   pdweb.jct.16 statistics report
2010-09-15-22:50:00.000-05:00I----- pdweb.jct.16 [/UserProfile]
2010-09-15-22:50:00.000-05:00I----- pdweb.jct.16 reqs	 : 370
2010-09-15-22:50:00.000-05:00I----- pdweb.jct.16 max	 : 3.184
2010-09-15-22:50:00.000-05:00I----- pdweb.jct.16 avg	 : 0.223
2010-09-15-22:50:00.000-05:00I----- pdweb.jct.16 total	 : 1:22.680
2010-09-15-22:55:00.000-05:00I----- HPDRA0387I   pdweb.jct.16 statistics report
2010-09-15-22:55:00.000-05:00I----- pdweb.jct.16 [/UserProfile]
2010-09-15-22:55:00.000-05:00I----- pdweb.jct.16 reqs	 : 370
2010-09-15-22:55:00.000-05:00I----- pdweb.jct.16 max	 : 3.184
2010-09-15-22:55:00.000-05:00I----- pdweb.jct.16 avg	 : 0.223
2010-09-15-22:55:00.000-05:00I----- pdweb.jct.16 total	 : 1:22.680
2010-09-15-23:00:00.000-05:00I----- HPDRA0387I   pdweb.jct.16 statistics report
2010-09-15-23:00:00.000-05:00I----- pdweb.jct.16 [/UserProfile]
2010-09-15-23:00:00.000-05:00I----- pdweb.jct.16 reqs	 : 370
2010-09-15-23:00:00.000-05:00I----- pdweb.jct.16 max	 : 3.184
2010-09-15-23:00:00.000-05:00I----- pdweb.jct.16 avg	 : 0.223
2010-09-15-23:00:00.000-05:00I----- pdweb.jct.16 total	 : 1:22.680
2010-09-15-23:05:00.000-05:00I----- HPDRA0387I   pdweb.jct.16 statistics report
2010-09-15-23:05:00.000-05:00I----- pdweb.jct.16 [/UserProfile]
2010-09-15-23:05:00.000-05:00I----- pdweb.jct.16 reqs	 : 370
2010-09-15-23:05:00.000-05:00I----- pdweb.jct.16 max	 : 3.184
2010-09-15-23:05:00.000-05:00I----- pdweb.jct.16 avg	 : 0.223
2010-09-15-23:05:00.000-05:00I----- pdweb.jct.16 total	 : 1:22.680
2010-09-15-23:10:00.000-05:00I----- HPDRA0387I   pdweb.jct.16 statistics report
2010-09-15-23:10:00.000-05:00I----- pdweb.jct.16 [/UserProfile]
2010-09-15-23:10:00.000-05:00I----- pdweb.jct.16 reqs	 : 370
2010-09-15-23:10:00.000-05:00I----- pdweb.jct.16 max	 : 3.184
2010-09-15-23:10:00.000-05:00I----- pdweb.jct.16 avg	 : 0.223
2010-09-15-23:10:00.000-05:00I----- pdweb.jct.16 total	 : 1:22.680
2010-09-15-23:15:00.000-05:00I----- HPDRA0387I   pdweb.jct.16 statistics report
2010-09-15-23:15:00.000-05:00I----- pdweb.jct.16 [/UserProfile]
2010-09-15-23:15:00.000-05:00I----- pdweb.jct.16 reqs	 : 370
2010-09-15-23:15:00.000-05:00I----- pdweb.jct.16 max	 : 3.184
2010-09-15-23:15:00.000-05:00I----- pdweb.jct.16 avg	 : 0.223
2010-09-15-23:15:00.000-05:00I----- pdweb.jct.16 total	 : 1:22.680
2010-09-15-23:20:00.000-05:00I----- HPDRA0387I   pdweb.jct.16 statistics report
2010-09-15-23:20:00.000-05:00I----- pdweb.jct.16 [/UserProfile]
2010-09-15-23:20:00.000-05:00I----- pdweb.jct.16 reqs	 : 370
2010-09-15-23:20:00.000-05:00I----- pdweb.jct.16 max	 : 3.184
2010-09-15-23:20:00.000-05:00I----- pdweb.jct.16 avg	 : 0.223
2010-09-15-23:20:00.000-05:00I----- pdweb.jct.16 total	 : 1:22.680
2010-09-15-23:25:00.000-05:00I----- HPDRA0387I   pdweb.jct.16 statistics report
2010-09-15-23:25:00.000-05:00I----- pdweb.jct.16 [/UserProfile]
2010-09-15-23:25:00.000-05:00I----- pdweb.jct.16 reqs	 : 370
2010-09-15-23:25:00.000-05:00I----- pdweb.jct.16 max	 : 3.184
2010-09-15-23:25:00.000-05:00I----- pdweb.jct.16 avg	 : 0.223
2010-09-15-23:25:00.000-05:00I----- pdweb.jct.16 total	 : 1:22.680
2010-09-15-23:30:00.000-05:00I----- HPDRA0387I   pdweb.jct.16 statistics report
2010-09-15-23:30:00.000-05:00I----- pdweb.jct.16 [/UserProfile]
2010-09-15-23:30:00.000-05:00I----- pdweb.jct.16 reqs	 : 370
2010-09-15-23:30:00.000-05:00I----- pdweb.jct.16 max	 : 3.184
2010-09-15-23:30:00.000-05:00I----- pdweb.jct.16 avg	 : 0.223
2010-09-15-23:30:00.000-05:00I----- pdweb.jct.16 total	 : 1:22.680
2010-09-15-23:35:00.000-05:00I----- HPDRA0387I   pdweb.jct.16 statistics report
2010-09-15-23:35:00.000-05:00I----- pdweb.jct.16 [/UserProfile]
2010-09-15-23:35:00.000-05:00I----- pdweb.jct.16 reqs	 : 370
2010-09-15-23:35:00.000-05:00I----- pdweb.jct.16 max	 : 3.184
2010-09-15-23:35:00.000-05:00I----- pdweb.jct.16 avg	 : 0.223
2010-09-15-23:35:00.000-05:00I----- pdweb.jct.16 total	 : 1:22.680
2010-09-15-23:40:00.000-05:00I----- HPDRA0387I   pdweb.jct.16 statistics report
2010-09-15-23:40:00.000-05:00I----- pdweb.jct.16 [/UserProfile]
2010-09-15-23:40:00.000-05:00I----- pdweb.jct.16 reqs	 : 370
2010-09-15-23:40:00.000-05:00I----- pdweb.jct.16 max	 : 3.184
2010-09-15-23:40:00.000-05:00I----- pdweb.jct.16 avg	 : 0.223
2010-09-15-23:40:00.000-05:00I----- pdweb.jct.16 total	 : 1:22.680
2010-09-15-23:45:00.000-05:00I----- HPDRA0387I   pdweb.jct.16 statistics report
2010-09-15-23:45:00.000-05:00I----- pdweb.jct.16 [/UserProfile]
2010-09-15-23:45:00.000-05:00I----- pdweb.jct.16 reqs	 : 370
2010-09-15-23:45:00.000-05:00I----- pdweb.jct.16 max	 : 3.184
2010-09-15-23:45:00.000-05:00I----- pdweb.jct.16 avg	 : 0.223
2010-09-15-23:45:00.000-05:00I----- pdweb.jct.16 total	 : 1:22.680
2010-09-15-23:50:00.000-05:00I----- HPDRA0387I   pdweb.jct.16 statistics report
2010-09-15-23:50:00.000-05:00I----- pdweb.jct.16 [/UserProfile]
2010-09-15-23:50:00.000-05:00I----- pdweb.jct.16 reqs	 : 370
2010-09-15-23:50:00.000-05:00I----- pdweb.jct.16 max	 : 3.184
2010-09-15-23:50:00.000-05:00I----- pdweb.jct.16 avg	 : 0.223
2010-09-15-23:50:00.000-05:00I----- pdweb.jct.16 total	 : 1:22.680
2010-09-15-23:55:00.000-05:00I----- HPDRA0387I   pdweb.jct.16 statistics report
2010-09-15-23:55:00.000-05:00I----- pdweb.jct.16 [/UserProfile]
2010-09-15-23:55:00.000-05:00I----- pdweb.jct.16 reqs	 : 370
2010-09-15-23:55:00.000-05:00I----- pdweb.jct.16 max	 : 3.184
2010-09-15-23:55:00.000-05:00I----- pdweb.jct.16 avg	 : 0.223
2010-09-15-23:55:00.000-05:00I----- pdweb.jct.16 total	 : 1:22.680
2010-09-16-00:00:00.000-05:00I----- HPDRA0387I   pdweb.jct.16 statistics report
2010-09-16-00:00:00.000-05:00I----- pdweb.jct.16 [/UserProfile]
2010-09-16-00:00:00.000-05:00I----- pdweb.jct.16 reqs	 : 370
2010-09-16-00:00:00.000-05:00I----- pdweb.jct.16 max	 : 3.184
2010-09-16-00:00:00.000-05:00I----- pdweb.jct.16 avg	 : 0.223
2010-09-16-00:00:00.000-05:00I----- pdweb.jct.16 total	 : 1:22.680
2010-09-16-00:05:00.000-05:00I----- HPDRA0387I   pdweb.jct.16 statistics report
2010-09-16-00:05:00.000-05:00I----- pdweb.jct.16 [/UserProfile]
2010-09-16-00:05:00.000-05:00I----- pdweb.jct.16 reqs	 : 370
2010-09-16-00:05:00.000-05:00I----- pdweb.jct.16 max	 : 3.184
2010-09-16-00:05:00.000-05:00I----- pdweb.jct.16 avg	 : 0.223
2010-09-16-00:05:00.000-05:00I----- pdweb.jct.16 total	 : 1:22.680
2010-09-16-00:10:00.000-05:00I----- HPDRA0387I   pdweb.jct.16 statistics report
2010-09-16-00:10:00.000-05:00I----- pdweb.jct.16 [/UserProfile]
2010-09-16-00:10:00.000-05:00I----- pdweb.jct.16 reqs	 : 370
2010-09-16-00:10:00.000-05:00I----- pdweb.jct.16 max	 : 3.184
2010-09-16-00:10:00.000-05:00I----- pdweb.jct.16 avg	 : 0.223
2010-09-16-00:10:00.000-05:00I----- pdweb.jct.16 total	 : 1:22.680
2010-09-16-00:15:00.000-05:00I----- HPDRA0387I   pdweb.jct.16 statistics report
2010-09-16-00:15:00.000-05:00I----- pdweb.jct.16 [/UserProfile]
2010-09-16-00:15:00.000-05:00I----- pdweb.jct.16 reqs	 : 370
2010-09-16-00:15:00.000-05:00I----- pdweb.jct.16 max	 : 3.184
2010-09-16-00:15:00.000-05:00I----- pdweb.jct.16 avg	 : 0.223
2010-09-16-00:15:00.000-05:00I----- pdweb.jct.16 total	 : 1:22.680
2010-09-16-00:20:00.000-05:00I----- HPDRA0387I   pdweb.jct.16 statistics report
2010-09-16-00:20:00.000-05:00I----- pdweb.jct.16 [/UserProfile]
2010-09-16-00:20:00.000-05:00I----- pdweb.jct.16 reqs	 : 370
2010-09-16-00:20:00.000-05:00I----- pdweb.jct.16 max	 : 3.184
2010-09-16-00:20:00.000-05:00I----- pdweb.jct.16 avg	 : 0.223
2010-09-16-00:20:00.000-05:00I----- pdweb.jct.16 total	 : 1:22.680
2010-09-16-00:25:00.000-05:00I----- HPDRA0387I   pdweb.jct.16 statistics report
2010-09-16-00:25:00.000-05:00I----- pdweb.jct.16 [/UserProfile]
2010-09-16-00:25:00.000-05:00I----- pdweb.jct.16 reqs	 : 370
2010-09-16-00:25:00.000-05:00I----- pdweb.jct.16 max	 : 3.184
2010-09-16-00:25:00.000-05:00I----- pdweb.jct.16 avg	 : 0.223
2010-09-16-00:25:00.000-05:00I----- pdweb.jct.16 total	 : 1:22.680
2010-09-16-00:30:00.000-05:00I----- HPDRA0387I   pdweb.jct.16 statistics report
2010-09-16-00:30:00.000-05:00I----- pdweb.jct.16 [/UserProfile]
2010-09-16-00:30:00.000-05:00I----- pdweb.jct.16 reqs	 : 370
2010-09-16-00:30:00.000-05:00I----- pdweb.jct.16 max	 : 3.184
2010-09-16-00:30:00.000-05:00I----- pdweb.jct.16 avg	 : 0.223
2010-09-16-00:30:00.000-05:00I----- pdweb.jct.16 total	 : 1:22.680
2010-09-16-00:35:00.000-05:00I----- HPDRA0387I   pdweb.jct.16 statistics report
2010-09-16-00:35:00.000-05:00I----- pdweb.jct.16 [/UserProfile]
2010-09-16-00:35:00.000-05:00I----- pdweb.jct.16 reqs	 : 370
2010-09-16-00:35:00.000-05:00I----- pdweb.jct.16 max	 : 3.184
2010-09-16-00:35:00.000-05:00I----- pdweb.jct.16 avg	 : 0.223
2010-09-16-00:35:00.000-05:00I----- pdweb.jct.16 total	 : 1:22.680
2010-09-16-00:40:00.000-05:00I----- HPDRA0387I   pdweb.jct.16 statistics report
2010-09-16-00:40:00.000-05:00I----- pdweb.jct.16 [/UserProfile]
2010-09-16-00:40:00.000-05:00I----- pdweb.jct.16 reqs	 : 370
2010-09-16-00:40:00.000-05:00I----- pdweb.jct.16 max	 : 3.184
2010-09-16-00:40:00.000-05:00I----- pdweb.jct.16 avg	 : 0.223
2010-09-16-00:40:00.000-05:00I----- pdweb.jct.16 total	 : 1:22.680
2010-09-16-00:45:00.000-05:00I----- HPDRA0387I   pdweb.jct.16 statistics report
2010-09-16-00:45:00.000-05:00I----- pdweb.jct.16 [/UserProfile]
2010-09-16-00:45:00.000-05:00I----- pdweb.jct.16 reqs	 : 370
2010-09-16-00:45:00.000-05:00I----- pdweb.jct.16 max	 : 3.184
2010-09-16-00:45:00.000-05:00I----- pdweb.jct.16 avg	 : 0.223
2010-09-16-00:45:00.000-05:00I----- pdweb.jct.16 total	 : 1:22.680
2010-09-16-00:50:00.000-05:00I----- HPDRA0387I   pdweb.jct.16 statistics report
2010-09-16-00:50:00.000-05:00I----- pdweb.jct.16 [/UserProfile]
2010-09-16-00:50:00.000-05:00I----- pdweb.jct.16 reqs	 : 370
2010-09-16-00:50:00.000-05:00I----- pdweb.jct.16 max	 : 3.184
2010-09-16-00:50:00.000-05:00I----- pdweb.jct.16 avg	 : 0.223
2010-09-16-00:50:00.000-05:00I----- pdweb.jct.16 total	 : 1:22.680
2010-09-16-00:55:00.000-05:00I----- HPDRA0387I   pdweb.jct.16 statistics report
2010-09-16-00:55:00.000-05:00I----- pdweb.jct.16 [/UserProfile]
2010-09-16-00:55:00.000-05:00I----- pdweb.jct.16 reqs	 : 370
2010-09-16-00:55:00.000-05:00I----- pdweb.jct.16 max	 : 3.184
2010-09-16-00:55:00.000-05:00I----- pdweb.jct.16 avg	 : 0.223
2010-09-16-00:55:00.000-05:00I----- pdweb.jct.16 total	 : 1:22.680
2010-09-16-01:00:00.000-05:00I----- HPDRA0387I   pdweb.jct.16 statistics report
2010-09-16-01:00:00.000-05:00I----- pdweb.jct.16 [/UserProfile]
2010-09-16-01:00:00.000-05:00I----- pdweb.jct.16 reqs	 : 370
2010-09-16-01:00:00.000-05:00I----- pdweb.jct.16 max	 : 3.184
2010-09-16-01:00:00.000-05:00I----- pdweb.jct.16 avg	 : 0.223
2010-09-16-01:00:00.000-05:00I----- pdweb.jct.16 total	 : 1:22.680
2010-09-16-01:05:00.000-05:00I----- HPDRA0387I   pdweb.jct.16 statistics report
2010-09-16-01:05:00.000-05:00I----- pdweb.jct.16 [/UserProfile]
2010-09-16-01:05:00.000-05:00I----- pdweb.jct.16 reqs	 : 370
2010-09-16-01:05:00.000-05:00I----- pdweb.jct.16 max	 : 3.184
2010-09-16-01:05:00.000-05:00I----- pdweb.jct.16 avg	 : 0.223
2010-09-16-01:05:00.000-05:00I----- pdweb.jct.16 total	 : 1:22.680
2010-09-16-01:10:00.000-05:00I----- HPDRA0387I   pdweb.jct.16 statistics report
2010-09-16-01:10:00.000-05:00I----- pdweb.jct.16 [/UserProfile]
2010-09-16-01:10:00.000-05:00I----- pdweb.jct.16 reqs	 : 370
2010-09-16-01:10:00.000-05:00I----- pdweb.jct.16 max	 : 3.184
2010-09-16-01:10:00.000-05:00I----- pdweb.jct.16 avg	 : 0.223
2010-09-16-01:10:00.000-05:00I----- pdweb.jct.16 total	 : 1:22.680
2010-09-16-01:15:00.000-05:00I----- HPDRA0387I   pdweb.jct.16 statistics report
2010-09-16-01:15:00.000-05:00I----- pdweb.jct.16 [/UserProfile]
2010-09-16-01:15:00.000-05:00I----- pdweb.jct.16 reqs	 : 370
2010-09-16-01:15:00.000-05:00I----- pdweb.jct.16 max	 : 3.184
2010-09-16-01:15:00.000-05:00I----- pdweb.jct.16 avg	 : 0.223
2010-09-16-01:15:00.000-05:00I----- pdweb.jct.16 total	 : 1:22.680
2010-09-16-01:20:00.000-05:00I----- HPDRA0387I   pdweb.jct.16 statistics report
2010-09-16-01:20:00.000-05:00I----- pdweb.jct.16 [/UserProfile]
2010-09-16-01:20:00.000-05:00I----- pdweb.jct.16 reqs	 : 370
2010-09-16-01:20:00.000-05:00I----- pdweb.jct.16 max	 : 3.184
2010-09-16-01:20:00.000-05:00I----- pdweb.jct.16 avg	 : 0.223
2010-09-16-01:20:00.000-05:00I----- pdweb.jct.16 total	 : 1:22.680
2010-09-16-01:25:00.000-05:00I----- HPDRA0387I   pdweb.jct.16 statistics report
2010-09-16-01:25:00.000-05:00I----- pdweb.jct.16 [/UserProfile]
2010-09-16-01:25:00.000-05:00I----- pdweb.jct.16 reqs	 : 370
2010-09-16-01:25:00.000-05:00I----- pdweb.jct.16 max	 : 3.184
2010-09-16-01:25:00.000-05:00I----- pdweb.jct.16 avg	 : 0.223
2010-09-16-01:25:00.000-05:00I----- pdweb.jct.16 total	 : 1:22.680
2010-09-16-01:30:00.000-05:00I----- HPDRA0387I   pdweb.jct.16 statistics report
2010-09-16-01:30:00.000-05:00I----- pdweb.jct.16 [/UserProfile]
2010-09-16-01:30:00.000-05:00I----- pdweb.jct.16 reqs	 : 370
2010-09-16-01:30:00.000-05:00I----- pdweb.jct.16 max	 : 3.184
2010-09-16-01:30:00.000-05:00I----- pdweb.jct.16 avg	 : 0.223
2010-09-16-01:30:00.000-05:00I----- pdweb.jct.16 total	 : 1:22.680
2010-09-16-01:35:00.000-05:00I----- HPDRA0387I   pdweb.jct.16 statistics report
2010-09-16-01:35:00.000-05:00I----- pdweb.jct.16 [/UserProfile]
2010-09-16-01:35:00.000-05:00I----- pdweb.jct.16 reqs	 : 370
2010-09-16-01:35:00.000-05:00I----- pdweb.jct.16 max	 : 3.184
2010-09-16-01:35:00.000-05:00I----- pdweb.jct.16 avg	 : 0.223
2010-09-16-01:35:00.000-05:00I----- pdweb.jct.16 total	 : 1:22.680
2010-09-16-01:40:00.000-05:00I----- HPDRA0387I   pdweb.jct.16 statistics report
2010-09-16-01:40:00.000-05:00I----- pdweb.jct.16 [/UserProfile]
2010-09-16-01:40:00.000-05:00I----- pdweb.jct.16 reqs	 : 370
2010-09-16-01:40:00.000-05:00I----- pdweb.jct.16 max	 : 3.184
2010-09-16-01:40:00.000-05:00I----- pdweb.jct.16 avg	 : 0.223
2010-09-16-01:40:00.000-05:00I----- pdweb.jct.16 total	 : 1:22.680
2010-09-16-01:45:00.000-05:00I----- HPDRA0387I   pdweb.jct.16 statistics report
2010-09-16-01:45:00.000-05:00I----- pdweb.jct.16 [/UserProfile]
2010-09-16-01:45:00.000-05:00I----- pdweb.jct.16 reqs	 : 370
2010-09-16-01:45:00.000-05:00I----- pdweb.jct.16 max	 : 3.184
2010-09-16-01:45:00.000-05:00I----- pdweb.jct.16 avg	 : 0.223
2010-09-16-01:45:00.000-05:00I----- pdweb.jct.16 total	 : 1:22.680
2010-09-16-01:50:00.000-05:00I----- HPDRA0387I   pdweb.jct.16 statistics report
2010-09-16-01:50:00.000-05:00I----- pdweb.jct.16 [/UserProfile]
2010-09-16-01:50:00.000-05:00I----- pdweb.jct.16 reqs	 : 370
2010-09-16-01:50:00.000-05:00I----- pdweb.jct.16 max	 : 3.184
2010-09-16-01:50:00.000-05:00I----- pdweb.jct.16 avg	 : 0.223
2010-09-16-01:50:00.000-05:00I----- pdweb.jct.16 total	 : 1:22.680
2010-09-16-01:55:00.000-05:00I----- HPDRA0387I   pdweb.jct.16 statistics report
2010-09-16-01:55:00.000-05:00I----- pdweb.jct.16 [/UserProfile]
2010-09-16-01:55:00.000-05:00I----- pdweb.jct.16 reqs	 : 370
2010-09-16-01:55:00.000-05:00I----- pdweb.jct.16 max	 : 3.184
2010-09-16-01:55:00.000-05:00I----- pdweb.jct.16 avg	 : 0.223
2010-09-16-01:55:00.000-05:00I----- pdweb.jct.16 total	 : 1:22.680
2010-09-16-02:00:00.000-05:00I----- HPDRA0387I   pdweb.jct.16 statistics report
2010-09-16-02:00:00.000-05:00I----- pdweb.jct.16 [/UserProfile]
2010-09-16-02:00:00.000-05:00I----- pdweb.jct.16 reqs	 : 370
2010-09-16-02:00:00.000-05:00I----- pdweb.jct.16 max	 : 3.184
2010-09-16-02:00:00.000-05:00I----- pdweb.jct.16 avg	 : 0.223
2010-09-16-02:00:00.000-05:00I----- pdweb.jct.16 total	 : 1:22.680
2010-09-16-02:05:00.000-05:00I----- HPDRA0387I   pdweb.jct.16 statistics report
2010-09-16-02:05:00.000-05:00I----- pdweb.jct.16 [/UserProfile]
2010-09-16-02:05:00.000-05:00I----- pdweb.jct.16 reqs	 : 370
2010-09-16-02:05:00.000-05:00I----- pdweb.jct.16 max	 : 3.184
2010-09-16-02:05:00.000-05:00I----- pdweb.jct.16 avg	 : 0.223
2010-09-16-02:05:00.000-05:00I----- pdweb.jct.16 total	 : 1:22.680
2010-09-16-02:10:00.000-05:00I----- HPDRA0387I   pdweb.jct.16 statistics report
2010-09-16-02:10:00.000-05:00I----- pdweb.jct.16 [/UserProfile]
2010-09-16-02:10:00.000-05:00I----- pdweb.jct.16 reqs	 : 370
2010-09-16-02:10:00.000-05:00I----- pdweb.jct.16 max	 : 3.184
2010-09-16-02:10:00.000-05:00I----- pdweb.jct.16 avg	 : 0.223
2010-09-16-02:10:00.000-05:00I----- pdweb.jct.16 total	 : 1:22.680
2010-09-16-02:15:00.000-05:00I----- HPDRA0387I   pdweb.jct.16 statistics report
2010-09-16-02:15:00.000-05:00I----- pdweb.jct.16 [/UserProfile]
2010-09-16-02:15:00.000-05:00I----- pdweb.jct.16 reqs	 : 370
2010-09-16-02:15:00.000-05:00I----- pdweb.jct.16 max	 : 3.184
2010-09-16-02:15:00.000-05:00I----- pdweb.jct.16 avg	 : 0.223
2010-09-16-02:15:00.000-05:00I----- pdweb.jct.16 total	 : 1:22.680
2010-09-16-02:20:00.000-05:00I----- HPDRA0387I   pdweb.jct.16 statistics report
2010-09-16-02:20:00.000-05:00I----- pdweb.jct.16 [/UserProfile]
2010-09-16-02:20:00.000-05:00I----- pdweb.jct.16 reqs	 : 370
2010-09-16-02:20:00.000-05:00I----- pdweb.jct.16 max	 : 3.184
2010-09-16-02:20:00.000-05:00I----- pdweb.jct.16 avg	 : 0.223
2010-09-16-02:20:00.000-05:00I----- pdweb.jct.16 total	 : 1:22.680
2010-09-16-02:25:00.000-05:00I----- HPDRA0387I   pdweb.jct.16 statistics report
2010-09-16-02:25:00.000-05:00I----- pdweb.jct.16 [/UserProfile]
2010-09-16-02:25:00.000-05:00I----- pdweb.jct.16 reqs	 : 370
2010-09-16-02:25:00.000-05:00I----- pdweb.jct.16 max	 : 3.184
2010-09-16-02:25:00.000-05:00I----- pdweb.jct.16 avg	 : 0.223
2010-09-16-02:25:00.000-05:00I----- pdweb.jct.16 total	 : 1:22.680
2010-09-16-02:30:00.000-05:00I----- HPDRA0387I   pdweb.jct.16 statistics report
2010-09-16-02:30:00.000-05:00I----- pdweb.jct.16 [/UserProfile]
2010-09-16-02:30:00.000-05:00I----- pdweb.jct.16 reqs	 : 370
2010-09-16-02:30:00.000-05:00I----- pdweb.jct.16 max	 : 3.184
2010-09-16-02:30:00.000-05:00I----- pdweb.jct.16 avg	 : 0.223
2010-09-16-02:30:00.000-05:00I----- pdweb.jct.16 total	 : 1:22.680
2010-09-16-02:35:00.000-05:00I----- HPDRA0387I   pdweb.jct.16 statistics report
2010-09-16-02:35:00.000-05:00I----- pdweb.jct.16 [/UserProfile]
2010-09-16-02:35:00.000-05:00I----- pdweb.jct.16 reqs	 : 370
2010-09-16-02:35:00.000-05:00I----- pdweb.jct.16 max	 : 3.184
2010-09-16-02:35:00.000-05:00I----- pdweb.jct.16 avg	 : 0.223
2010-09-16-02:35:00.000-05:00I----- pdweb.jct.16 total	 : 1:22.680
2010-09-16-02:40:00.000-05:00I----- HPDRA0387I   pdweb.jct.16 statistics report
2010-09-16-02:40:00.000-05:00I----- pdweb.jct.16 [/UserProfile]
2010-09-16-02:40:00.000-05:00I----- pdweb.jct.16 reqs	 : 370
2010-09-16-02:40:00.000-05:00I----- pdweb.jct.16 max	 : 3.184
2010-09-16-02:40:00.000-05:00I----- pdweb.jct.16 avg	 : 0.223
2010-09-16-02:40:00.000-05:00I----- pdweb.jct.16 total	 : 1:22.680
2010-09-16-02:45:00.000-05:00I----- HPDRA0387I   pdweb.jct.16 statistics report
2010-09-16-02:45:00.000-05:00I----- pdweb.jct.16 [/UserProfile]
2010-09-16-02:45:00.000-05:00I----- pdweb.jct.16 reqs	 : 370
2010-09-16-02:45:00.000-05:00I----- pdweb.jct.16 max	 : 3.184
2010-09-16-02:45:00.000-05:00I----- pdweb.jct.16 avg	 : 0.223
2010-09-16-02:45:00.000-05:00I----- pdweb.jct.16 total	 : 1:22.680
2010-09-16-02:50:00.000-05:00I----- HPDRA0387I   pdweb.jct.16 statistics report
2010-09-16-02:50:00.000-05:00I----- pdweb.jct.16 [/UserProfile]
2010-09-16-02:50:00.000-05:00I----- pdweb.jct.16 reqs	 : 370
2010-09-16-02:50:00.000-05:00I----- pdweb.jct.16 max	 : 3.184
2010-09-16-02:50:00.000-05:00I----- pdweb.jct.16 avg	 : 0.223
2010-09-16-02:50:00.000-05:00I----- pdweb.jct.16 total	 : 1:22.680
2010-09-16-02:55:00.000-05:00I----- HPDRA0387I   pdweb.jct.16 statistics report
2010-09-16-02:55:00.000-05:00I----- pdweb.jct.16 [/UserProfile]
2010-09-16-02:55:00.000-05:00I----- pdweb.jct.16 reqs	 : 370
2010-09-16-02:55:00.000-05:00I----- pdweb.jct.16 max	 : 3.184
2010-09-16-02:55:00.000-05:00I----- pdweb.jct.16 avg	 : 0.223
2010-09-16-02:55:00.000-05:00I----- pdweb.jct.16 total	 : 1:22.680
2010-09-16-03:00:00.000-05:00I----- HPDRA0387I   pdweb.jct.16 statistics report
2010-09-16-03:00:00.000-05:00I----- pdweb.jct.16 [/UserProfile]
2010-09-16-03:00:00.000-05:00I----- pdweb.jct.16 reqs	 : 370
2010-09-16-03:00:00.000-05:00I----- pdweb.jct.16 max	 : 3.184
2010-09-16-03:00:00.000-05:00I----- pdweb.jct.16 avg	 : 0.223
2010-09-16-03:00:00.000-05:00I----- pdweb.jct.16 total	 : 1:22.680
2010-09-16-03:05:00.000-05:00I----- HPDRA0387I   pdweb.jct.16 statistics report
2010-09-16-03:05:00.000-05:00I----- pdweb.jct.16 [/UserProfile]
2010-09-16-03:05:00.000-05:00I----- pdweb.jct.16 reqs	 : 370
2010-09-16-03:05:00.000-05:00I----- pdweb.jct.16 max	 : 3.184
2010-09-16-03:05:00.000-05:00I----- pdweb.jct.16 avg	 : 0.223
2010-09-16-03:05:00.000-05:00I----- pdweb.jct.16 total	 : 1:22.680
2010-09-16-03:10:00.000-05:00I----- HPDRA0387I   pdweb.jct.16 statistics report
2010-09-16-03:10:00.000-05:00I----- pdweb.jct.16 [/UserProfile]
2010-09-16-03:10:00.000-05:00I----- pdweb.jct.16 reqs	 : 370
2010-09-16-03:10:00.000-05:00I----- pdweb.jct.16 max	 : 3.184
2010-09-16-03:10:00.000-05:00I----- pdweb.jct.16 avg	 : 0.223
2010-09-16-03:10:00.000-05:00I----- pdweb.jct.16 total	 : 1:22.680
2010-09-16-03:15:00.000-05:00I----- HPDRA0387I   pdweb.jct.16 statistics report
2010-09-16-03:15:00.000-05:00I----- pdweb.jct.16 [/UserProfile]
2010-09-16-03:15:00.000-05:00I----- pdweb.jct.16 reqs	 : 370
2010-09-16-03:15:00.000-05:00I----- pdweb.jct.16 max	 : 3.184
2010-09-16-03:15:00.000-05:00I----- pdweb.jct.16 avg	 : 0.223
2010-09-16-03:15:00.000-05:00I----- pdweb.jct.16 total	 : 1:22.680
2010-09-16-03:20:00.000-05:00I----- HPDRA0387I   pdweb.jct.16 statistics report
2010-09-16-03:20:00.000-05:00I----- pdweb.jct.16 [/UserProfile]
2010-09-16-03:20:00.000-05:00I----- pdweb.jct.16 reqs	 : 370
2010-09-16-03:20:00.000-05:00I----- pdweb.jct.16 max	 : 3.184
2010-09-16-03:20:00.000-05:00I----- pdweb.jct.16 avg	 : 0.223
2010-09-16-03:20:00.000-05:00I----- pdweb.jct.16 total	 : 1:22.680
2010-09-16-03:25:00.000-05:00I----- HPDRA0387I   pdweb.jct.16 statistics report
2010-09-16-03:25:00.000-05:00I----- pdweb.jct.16 [/UserProfile]
2010-09-16-03:25:00.000-05:00I----- pdweb.jct.16 reqs	 : 370
2010-09-16-03:25:00.000-05:00I----- pdweb.jct.16 max	 : 3.184
2010-09-16-03:25:00.000-05:00I----- pdweb.jct.16 avg	 : 0.223
2010-09-16-03:25:00.000-05:00I----- pdweb.jct.16 total	 : 1:22.680
2010-09-16-03:30:00.000-05:00I----- HPDRA0387I   pdweb.jct.16 statistics report
2010-09-16-03:30:00.000-05:00I----- pdweb.jct.16 [/UserProfile]
2010-09-16-03:30:00.000-05:00I----- pdweb.jct.16 reqs	 : 370
2010-09-16-03:30:00.000-05:00I----- pdweb.jct.16 max	 : 3.184
2010-09-16-03:30:00.000-05:00I----- pdweb.jct.16 avg	 : 0.223
2010-09-16-03:30:00.000-05:00I----- pdweb.jct.16 total	 : 1:22.680
2010-09-16-03:35:00.000-05:00I----- HPDRA0387I   pdweb.jct.16 statistics report
2010-09-16-03:35:00.000-05:00I----- pdweb.jct.16 [/UserProfile]
2010-09-16-03:35:00.000-05:00I----- pdweb.jct.16 reqs	 : 370
2010-09-16-03:35:00.000-05:00I----- pdweb.jct.16 max	 : 3.184
2010-09-16-03:35:00.000-05:00I----- pdweb.jct.16 avg	 : 0.223
2010-09-16-03:35:00.000-05:00I----- pdweb.jct.16 total	 : 1:22.680
2010-09-16-03:40:00.000-05:00I----- HPDRA0387I   pdweb.jct.16 statistics report
2010-09-16-03:40:00.000-05:00I----- pdweb.jct.16 [/UserProfile]
2010-09-16-03:40:00.000-05:00I----- pdweb.jct.16 reqs	 : 370
2010-09-16-03:40:00.000-05:00I----- pdweb.jct.16 max	 : 3.184
2010-09-16-03:40:00.000-05:00I----- pdweb.jct.16 avg	 : 0.223
2010-09-16-03:40:00.000-05:00I----- pdweb.jct.16 total	 : 1:22.680
2010-09-16-03:45:00.000-05:00I----- HPDRA0387I   pdweb.jct.16 statistics report
2010-09-16-03:45:00.000-05:00I----- pdweb.jct.16 [/UserProfile]
2010-09-16-03:45:00.000-05:00I----- pdweb.jct.16 reqs	 : 370
2010-09-16-03:45:00.000-05:00I----- pdweb.jct.16 max	 : 3.184
2010-09-16-03:45:00.000-05:00I----- pdweb.jct.16 avg	 : 0.223
2010-09-16-03:45:00.000-05:00I----- pdweb.jct.16 total	 : 1:22.680
2010-09-16-03:50:00.000-05:00I----- HPDRA0387I   pdweb.jct.16 statistics report
2010-09-16-03:50:00.000-05:00I----- pdweb.jct.16 [/UserProfile]
2010-09-16-03:50:00.000-05:00I----- pdweb.jct.16 reqs	 : 370
2010-09-16-03:50:00.000-05:00I----- pdweb.jct.16 max	 : 3.184
2010-09-16-03:50:00.000-05:00I----- pdweb.jct.16 avg	 : 0.223
2010-09-16-03:50:00.000-05:00I----- pdweb.jct.16 total	 : 1:22.680
2010-09-16-03:55:00.000-05:00I----- HPDRA0387I   pdweb.jct.16 statistics report
2010-09-16-03:55:00.000-05:00I----- pdweb.jct.16 [/UserProfile]
2010-09-16-03:55:00.000-05:00I----- pdweb.jct.16 reqs	 : 370
2010-09-16-03:55:00.000-05:00I----- pdweb.jct.16 max	 : 3.184
2010-09-16-03:55:00.000-05:00I----- pdweb.jct.16 avg	 : 0.223
2010-09-16-03:55:00.000-05:00I----- pdweb.jct.16 total	 : 1:22.680
2010-09-16-04:00:00.000-05:00I----- HPDRA0387I   pdweb.jct.16 statistics report
2010-09-16-04:00:00.000-05:00I----- pdweb.jct.16 [/UserProfile]
2010-09-16-04:00:00.000-05:00I----- pdweb.jct.16 reqs	 : 370
2010-09-16-04:00:00.000-05:00I----- pdweb.jct.16 max	 : 3.184
2010-09-16-04:00:00.000-05:00I----- pdweb.jct.16 avg	 : 0.223
2010-09-16-04:00:00.000-05:00I----- pdweb.jct.16 total	 : 1:22.680
2010-09-16-04:05:00.000-05:00I----- HPDRA0387I   pdweb.jct.16 statistics report
2010-09-16-04:05:00.000-05:00I----- pdweb.jct.16 [/UserProfile]
2010-09-16-04:05:00.000-05:00I----- pdweb.jct.16 reqs	 : 370
2010-09-16-04:05:00.000-05:00I----- pdweb.jct.16 max	 : 3.184
2010-09-16-04:05:00.000-05:00I----- pdweb.jct.16 avg	 : 0.223
2010-09-16-04:05:00.000-05:00I----- pdweb.jct.16 total	 : 1:22.680
2010-09-16-04:10:00.000-05:00I----- HPDRA0387I   pdweb.jct.16 statistics report
2010-09-16-04:10:00.000-05:00I----- pdweb.jct.16 [/UserProfile]
2010-09-16-04:10:00.000-05:00I----- pdweb.jct.16 reqs	 : 370
2010-09-16-04:10:00.000-05:00I----- pdweb.jct.16 max	 : 3.184
2010-09-16-04:10:00.000-05:00I----- pdweb.jct.16 avg	 : 0.223
2010-09-16-04:10:00.000-05:00I----- pdweb.jct.16 total	 : 1:22.680
2010-09-16-04:15:00.000-05:00I----- HPDRA0387I   pdweb.jct.16 statistics report
2010-09-16-04:15:00.000-05:00I----- pdweb.jct.16 [/UserProfile]
2010-09-16-04:15:00.000-05:00I----- pdweb.jct.16 reqs	 : 370
2010-09-16-04:15:00.000-05:00I----- pdweb.jct.16 max	 : 3.184
2010-09-16-04:15:00.000-05:00I----- pdweb.jct.16 avg	 : 0.223
2010-09-16-04:15:00.000-05:00I----- pdweb.jct.16 total	 : 1:22.680
2010-09-16-04:20:00.000-05:00I----- HPDRA0387I   pdweb.jct.16 statistics report
2010-09-16-04:20:00.000-05:00I----- pdweb.jct.16 [/UserProfile]
2010-09-16-04:20:00.000-05:00I----- pdweb.jct.16 reqs	 : 370
2010-09-16-04:20:00.000-05:00I----- pdweb.jct.16 max	 : 3.184
2010-09-16-04:20:00.000-05:00I----- pdweb.jct.16 avg	 : 0.223
2010-09-16-04:20:00.000-05:00I----- pdweb.jct.16 total	 : 1:22.680
2010-09-16-04:25:00.000-05:00I----- HPDRA0387I   pdweb.jct.16 statistics report
2010-09-16-04:25:00.000-05:00I----- pdweb.jct.16 [/UserProfile]
2010-09-16-04:25:00.000-05:00I----- pdweb.jct.16 reqs	 : 370
2010-09-16-04:25:00.000-05:00I----- pdweb.jct.16 max	 : 3.184
2010-09-16-04:25:00.000-05:00I----- pdweb.jct.16 avg	 : 0.223
2010-09-16-04:25:00.000-05:00I----- pdweb.jct.16 total	 : 1:22.680
2010-09-16-04:30:00.000-05:00I----- HPDRA0387I   pdweb.jct.16 statistics report
2010-09-16-04:30:00.000-05:00I----- pdweb.jct.16 [/UserProfile]
2010-09-16-04:30:00.000-05:00I----- pdweb.jct.16 reqs	 : 370
2010-09-16-04:30:00.000-05:00I----- pdweb.jct.16 max	 : 3.184
2010-09-16-04:30:00.000-05:00I----- pdweb.jct.16 avg	 : 0.223
2010-09-16-04:30:00.000-05:00I----- pdweb.jct.16 total	 : 1:22.680
2010-09-16-04:35:00.000-05:00I----- HPDRA0387I   pdweb.jct.16 statistics report
2010-09-16-04:35:00.000-05:00I----- pdweb.jct.16 [/UserProfile]
2010-09-16-04:35:00.000-05:00I----- pdweb.jct.16 reqs	 : 370
2010-09-16-04:35:00.000-05:00I----- pdweb.jct.16 max	 : 3.184
2010-09-16-04:35:00.000-05:00I----- pdweb.jct.16 avg	 : 0.223
2010-09-16-04:35:00.000-05:00I----- pdweb.jct.16 total	 : 1:22.680
2010-09-16-04:40:00.000-05:00I----- HPDRA0387I   pdweb.jct.16 statistics report
2010-09-16-04:40:00.000-05:00I----- pdweb.jct.16 [/UserProfile]
2010-09-16-04:40:00.000-05:00I----- pdweb.jct.16 reqs	 : 370
2010-09-16-04:40:00.000-05:00I----- pdweb.jct.16 max	 : 3.184
2010-09-16-04:40:00.000-05:00I----- pdweb.jct.16 avg	 : 0.223
2010-09-16-04:40:00.000-05:00I----- pdweb.jct.16 total	 : 1:22.680
2010-09-16-04:45:00.000-05:00I----- HPDRA0387I   pdweb.jct.16 statistics report
2010-09-16-04:45:00.000-05:00I----- pdweb.jct.16 [/UserProfile]
2010-09-16-04:45:00.000-05:00I----- pdweb.jct.16 reqs	 : 370
2010-09-16-04:45:00.000-05:00I----- pdweb.jct.16 max	 : 3.184
2010-09-16-04:45:00.000-05:00I----- pdweb.jct.16 avg	 : 0.223
2010-09-16-04:45:00.000-05:00I----- pdweb.jct.16 total	 : 1:22.680
2010-09-16-04:50:00.000-05:00I----- HPDRA0387I   pdweb.jct.16 statistics report
2010-09-16-04:50:00.000-05:00I----- pdweb.jct.16 [/UserProfile]
2010-09-16-04:50:00.000-05:00I----- pdweb.jct.16 reqs	 : 370
2010-09-16-04:50:00.000-05:00I----- pdweb.jct.16 max	 : 3.184
2010-09-16-04:50:00.000-05:00I----- pdweb.jct.16 avg	 : 0.223
2010-09-16-04:50:00.000-05:00I----- pdweb.jct.16 total	 : 1:22.680
2010-09-16-04:55:00.000-05:00I----- HPDRA0387I   pdweb.jct.16 statistics report
2010-09-16-04:55:00.000-05:00I----- pdweb.jct.16 [/UserProfile]
2010-09-16-04:55:00.000-05:00I----- pdweb.jct.16 reqs	 : 370
2010-09-16-04:55:00.000-05:00I----- pdweb.jct.16 max	 : 3.184
2010-09-16-04:55:00.000-05:00I----- pdweb.jct.16 avg	 : 0.223
2010-09-16-04:55:00.000-05:00I----- pdweb.jct.16 total	 : 1:22.680
2010-09-16-05:00:00.000-05:00I----- HPDRA0387I   pdweb.jct.16 statistics report
2010-09-16-05:00:00.000-05:00I----- pdweb.jct.16 [/UserProfile]
2010-09-16-05:00:00.000-05:00I----- pdweb.jct.16 reqs	 : 370
2010-09-16-05:00:00.000-05:00I----- pdweb.jct.16 max	 : 3.184
2010-09-16-05:00:00.000-05:00I----- pdweb.jct.16 avg	 : 0.223
2010-09-16-05:00:00.000-05:00I----- pdweb.jct.16 total	 : 1:22.680
2010-09-16-05:05:00.000-05:00I----- HPDRA0387I   pdweb.jct.16 statistics report
2010-09-16-05:05:00.000-05:00I----- pdweb.jct.16 [/UserProfile]
2010-09-16-05:05:00.000-05:00I----- pdweb.jct.16 reqs	 : 370
2010-09-16-05:05:00.000-05:00I----- pdweb.jct.16 max	 : 3.184
2010-09-16-05:05:00.000-05:00I----- pdweb.jct.16 avg	 : 0.223
2010-09-16-05:05:00.000-05:00I----- pdweb.jct.16 total	 : 1:22.680
2010-09-16-05:10:00.000-05:00I----- HPDRA0387I   pdweb.jct.16 statistics report
2010-09-16-05:10:00.000-05:00I----- pdweb.jct.16 [/UserProfile]
2010-09-16-05:10:00.000-05:00I----- pdweb.jct.16 reqs	 : 370
2010-09-16-05:10:00.000-05:00I----- pdweb.jct.16 max	 : 3.184
2010-09-16-05:10:00.000-05:00I----- pdweb.jct.16 avg	 : 0.223
2010-09-16-05:10:00.000-05:00I----- pdweb.jct.16 total	 : 1:22.680
2010-09-16-05:15:00.000-05:00I----- HPDRA0387I   pdweb.jct.16 statistics report
2010-09-16-05:15:00.000-05:00I----- pdweb.jct.16 [/UserProfile]
2010-09-16-05:15:00.000-05:00I----- pdweb.jct.16 reqs	 : 370
2010-09-16-05:15:00.000-05:00I----- pdweb.jct.16 max	 : 3.184
2010-09-16-05:15:00.000-05:00I----- pdweb.jct.16 avg	 : 0.223
2010-09-16-05:15:00.000-05:00I----- pdweb.jct.16 total	 : 1:22.680
2010-09-16-05:20:00.000-05:00I----- HPDRA0387I   pdweb.jct.16 statistics report
2010-09-16-05:20:00.000-05:00I----- pdweb.jct.16 [/UserProfile]
2010-09-16-05:20:00.000-05:00I----- pdweb.jct.16 reqs	 : 370
2010-09-16-05:20:00.000-05:00I----- pdweb.jct.16 max	 : 3.184
2010-09-16-05:20:00.000-05:00I----- pdweb.jct.16 avg	 : 0.223
2010-09-16-05:20:00.000-05:00I----- pdweb.jct.16 total	 : 1:22.680
2010-09-16-05:25:00.000-05:00I----- HPDRA0387I   pdweb.jct.16 statistics report
2010-09-16-05:25:00.000-05:00I----- pdweb.jct.16 [/UserProfile]
2010-09-16-05:25:00.000-05:00I----- pdweb.jct.16 reqs	 : 370
2010-09-16-05:25:00.000-05:00I----- pdweb.jct.16 max	 : 3.184
2010-09-16-05:25:00.000-05:00I----- pdweb.jct.16 avg	 : 0.223
2010-09-16-05:25:00.000-05:00I----- pdweb.jct.16 total	 : 1:22.680
2010-09-16-05:30:00.000-05:00I----- HPDRA0387I   pdweb.jct.16 statistics report
2010-09-16-05:30:00.000-05:00I----- pdweb.jct.16 [/UserProfile]
2010-09-16-05:30:00.000-05:00I----- pdweb.jct.16 reqs	 : 370
2010-09-16-05:30:00.000-05:00I----- pdweb.jct.16 max	 : 3.184
2010-09-16-05:30:00.000-05:00I----- pdweb.jct.16 avg	 : 0.223
2010-09-16-05:30:00.000-05:00I----- pdweb.jct.16 total	 : 1:22.680
2010-09-16-05:35:00.000-05:00I----- HPDRA0387I   pdweb.jct.16 statistics report
2010-09-16-05:35:00.000-05:00I----- pdweb.jct.16 [/UserProfile]
2010-09-16-05:35:00.000-05:00I----- pdweb.jct.16 reqs	 : 370
2010-09-16-05:35:00.000-05:00I----- pdweb.jct.16 max	 : 3.184
2010-09-16-05:35:00.000-05:00I----- pdweb.jct.16 avg	 : 0.223
2010-09-16-05:35:00.000-05:00I----- pdweb.jct.16 total	 : 1:22.680
2010-09-16-05:40:00.000-05:00I----- HPDRA0387I   pdweb.jct.16 statistics report
2010-09-16-05:40:00.000-05:00I----- pdweb.jct.16 [/UserProfile]
2010-09-16-05:40:00.000-05:00I----- pdweb.jct.16 reqs	 : 370
2010-09-16-05:40:00.000-05:00I----- pdweb.jct.16 max	 : 3.184
2010-09-16-05:40:00.000-05:00I----- pdweb.jct.16 avg	 : 0.223
2010-09-16-05:40:00.000-05:00I----- pdweb.jct.16 total	 : 1:22.680
2010-09-16-05:45:00.000-05:00I----- HPDRA0387I   pdweb.jct.16 statistics report
2010-09-16-05:45:00.000-05:00I----- pdweb.jct.16 [/UserProfile]
2010-09-16-05:45:00.000-05:00I----- pdweb.jct.16 reqs	 : 370
2010-09-16-05:45:00.000-05:00I----- pdweb.jct.16 max	 : 3.184
2010-09-16-05:45:00.000-05:00I----- pdweb.jct.16 avg	 : 0.223
2010-09-16-05:45:00.000-05:00I----- pdweb.jct.16 total	 : 1:22.680
2010-09-16-05:50:00.000-05:00I----- HPDRA0387I   pdweb.jct.16 statistics report
2010-09-16-05:50:00.000-05:00I----- pdweb.jct.16 [/UserProfile]
2010-09-16-05:50:00.000-05:00I----- pdweb.jct.16 reqs	 : 370
2010-09-16-05:50:00.000-05:00I----- pdweb.jct.16 max	 : 3.184
2010-09-16-05:50:00.000-05:00I----- pdweb.jct.16 avg	 : 0.223
2010-09-16-05:50:00.000-05:00I----- pdweb.jct.16 total	 : 1:22.680
2010-09-16-05:55:00.000-05:00I----- HPDRA0387I   pdweb.jct.16 statistics report
2010-09-16-05:55:00.000-05:00I----- pdweb.jct.16 [/UserProfile]
2010-09-16-05:55:00.000-05:00I----- pdweb.jct.16 reqs	 : 370
2010-09-16-05:55:00.000-05:00I----- pdweb.jct.16 max	 : 3.184
2010-09-16-05:55:00.000-05:00I----- pdweb.jct.16 avg	 : 0.223
2010-09-16-05:55:00.000-05:00I----- pdweb.jct.16 total	 : 1:22.680
2010-09-16-06:00:00.000-05:00I----- HPDRA0387I   pdweb.jct.16 statistics report
2010-09-16-06:00:00.000-05:00I----- pdweb.jct.16 [/UserProfile]
2010-09-16-06:00:00.000-05:00I----- pdweb.jct.16 reqs	 : 370
2010-09-16-06:00:00.000-05:00I----- pdweb.jct.16 max	 : 3.184
2010-09-16-06:00:00.000-05:00I----- pdweb.jct.16 avg	 : 0.223
2010-09-16-06:00:00.000-05:00I----- pdweb.jct.16 total	 : 1:22.680
2010-09-16-06:05:00.000-05:00I----- HPDRA0387I   pdweb.jct.16 statistics report
2010-09-16-06:05:00.000-05:00I----- pdweb.jct.16 [/UserProfile]
2010-09-16-06:05:00.000-05:00I----- pdweb.jct.16 reqs	 : 370
2010-09-16-06:05:00.000-05:00I----- pdweb.jct.16 max	 : 3.184
2010-09-16-06:05:00.000-05:00I----- pdweb.jct.16 avg	 : 0.223
2010-09-16-06:05:00.000-05:00I----- pdweb.jct.16 total	 : 1:22.680
2010-09-16-06:10:00.000-05:00I----- HPDRA0387I   pdweb.jct.16 statistics report
2010-09-16-06:10:00.000-05:00I----- pdweb.jct.16 [/UserProfile]
2010-09-16-06:10:00.000-05:00I----- pdweb.jct.16 reqs	 : 370
2010-09-16-06:10:00.000-05:00I----- pdweb.jct.16 max	 : 3.184
2010-09-16-06:10:00.000-05:00I----- pdweb.jct.16 avg	 : 0.223
2010-09-16-06:10:00.000-05:00I----- pdweb.jct.16 total	 : 1:22.680
2010-09-16-06:15:00.000-05:00I----- HPDRA0387I   pdweb.jct.16 statistics report
2010-09-16-06:15:00.000-05:00I----- pdweb.jct.16 [/UserProfile]
2010-09-16-06:15:00.000-05:00I----- pdweb.jct.16 reqs	 : 370
2010-09-16-06:15:00.000-05:00I----- pdweb.jct.16 max	 : 3.184
2010-09-16-06:15:00.000-05:00I----- pdweb.jct.16 avg	 : 0.223
2010-09-16-06:15:00.000-05:00I----- pdweb.jct.16 total	 : 1:22.680
2010-09-16-06:20:00.000-05:00I----- HPDRA0387I   pdweb.jct.16 statistics report
2010-09-16-06:20:00.000-05:00I----- pdweb.jct.16 [/UserProfile]
2010-09-16-06:20:00.000-05:00I----- pdweb.jct.16 reqs	 : 370
2010-09-16-06:20:00.000-05:00I----- pdweb.jct.16 max	 : 3.184
2010-09-16-06:20:00.000-05:00I----- pdweb.jct.16 avg	 : 0.223
2010-09-16-06:20:00.000-05:00I----- pdweb.jct.16 total	 : 1:22.680
2010-09-16-06:25:00.000-05:00I----- HPDRA0387I   pdweb.jct.16 statistics report
2010-09-16-06:25:00.000-05:00I----- pdweb.jct.16 [/UserProfile]
2010-09-16-06:25:00.000-05:00I----- pdweb.jct.16 reqs	 : 370
2010-09-16-06:25:00.000-05:00I----- pdweb.jct.16 max	 : 3.184
2010-09-16-06:25:00.000-05:00I----- pdweb.jct.16 avg	 : 0.223
2010-09-16-06:25:00.000-05:00I----- pdweb.jct.16 total	 : 1:22.680
2010-09-16-06:30:00.000-05:00I----- HPDRA0387I   pdweb.jct.16 statistics report
2010-09-16-06:30:00.000-05:00I----- pdweb.jct.16 [/UserProfile]
2010-09-16-06:30:00.000-05:00I----- pdweb.jct.16 reqs	 : 370
2010-09-16-06:30:00.000-05:00I----- pdweb.jct.16 max	 : 3.184
2010-09-16-06:30:00.000-05:00I----- pdweb.jct.16 avg	 : 0.223
2010-09-16-06:30:00.000-05:00I----- pdweb.jct.16 total	 : 1:22.680
2010-09-16-06:35:00.000-05:00I----- HPDRA0387I   pdweb.jct.16 statistics report
2010-09-16-06:35:00.000-05:00I----- pdweb.jct.16 [/UserProfile]
2010-09-16-06:35:00.000-05:00I----- pdweb.jct.16 reqs	 : 370
2010-09-16-06:35:00.000-05:00I----- pdweb.jct.16 max	 : 3.184
2010-09-16-06:35:00.000-05:00I----- pdweb.jct.16 avg	 : 0.223
2010-09-16-06:35:00.000-05:00I----- pdweb.jct.16 total	 : 1:22.680
2010-09-16-06:40:00.000-05:00I----- HPDRA0387I   pdweb.jct.16 statistics report
2010-09-16-06:40:00.000-05:00I----- pdweb.jct.16 [/UserProfile]
2010-09-16-06:40:00.000-05:00I----- pdweb.jct.16 reqs	 : 370
2010-09-16-06:40:00.000-05:00I----- pdweb.jct.16 max	 : 3.184
2010-09-16-06:40:00.000-05:00I----- pdweb.jct.16 avg	 : 0.223
2010-09-16-06:40:00.000-05:00I----- pdweb.jct.16 total	 : 1:22.680
2010-09-16-06:45:00.000-05:00I----- HPDRA0387I   pdweb.jct.16 statistics report
2010-09-16-06:45:00.000-05:00I----- pdweb.jct.16 [/UserProfile]
2010-09-16-06:45:00.000-05:00I----- pdweb.jct.16 reqs	 : 370
2010-09-16-06:45:00.000-05:00I----- pdweb.jct.16 max	 : 3.184
2010-09-16-06:45:00.000-05:00I----- pdweb.jct.16 avg	 : 0.223
2010-09-16-06:45:00.000-05:00I----- pdweb.jct.16 total	 : 1:22.680
2010-09-16-06:50:00.000-05:00I----- HPDRA0387I   pdweb.jct.16 statistics report
2010-09-16-06:50:00.000-05:00I----- pdweb.jct.16 [/UserProfile]
2010-09-16-06:50:00.000-05:00I----- pdweb.jct.16 reqs	 : 370
2010-09-16-06:50:00.000-05:00I----- pdweb.jct.16 max	 : 3.184
2010-09-16-06:50:00.000-05:00I----- pdweb.jct.16 avg	 : 0.223
2010-09-16-06:50:00.000-05:00I----- pdweb.jct.16 total	 : 1:22.680
2010-09-16-06:55:00.000-05:00I----- HPDRA0387I   pdweb.jct.16 statistics report
2010-09-16-06:55:00.000-05:00I----- pdweb.jct.16 [/UserProfile]
2010-09-16-06:55:00.000-05:00I----- pdweb.jct.16 reqs	 : 370
2010-09-16-06:55:00.000-05:00I----- pdweb.jct.16 max	 : 3.184
2010-09-16-06:55:00.000-05:00I----- pdweb.jct.16 avg	 : 0.223
2010-09-16-06:55:00.000-05:00I----- pdweb.jct.16 total	 : 1:22.680
2010-09-16-07:00:00.000-05:00I----- HPDRA0387I   pdweb.jct.16 statistics report
2010-09-16-07:00:00.000-05:00I----- pdweb.jct.16 [/UserProfile]
2010-09-16-07:00:00.000-05:00I----- pdweb.jct.16 reqs	 : 370
2010-09-16-07:00:00.000-05:00I----- pdweb.jct.16 max	 : 3.184
2010-09-16-07:00:00.000-05:00I----- pdweb.jct.16 avg	 : 0.223
2010-09-16-07:00:00.000-05:00I----- pdweb.jct.16 total	 : 1:22.680
2010-09-16-07:05:00.000-05:00I----- HPDRA0387I   pdweb.jct.16 statistics report
2010-09-16-07:05:00.000-05:00I----- pdweb.jct.16 [/UserProfile]
2010-09-16-07:05:00.000-05:00I----- pdweb.jct.16 reqs	 : 370
2010-09-16-07:05:00.000-05:00I----- pdweb.jct.16 max	 : 3.184
2010-09-16-07:05:00.000-05:00I----- pdweb.jct.16 avg	 : 0.223
2010-09-16-07:05:00.000-05:00I----- pdweb.jct.16 total	 : 1:22.680
2010-09-16-07:10:00.000-05:00I----- HPDRA0387I   pdweb.jct.16 statistics report
2010-09-16-07:10:00.000-05:00I----- pdweb.jct.16 [/UserProfile]
2010-09-16-07:10:00.000-05:00I----- pdweb.jct.16 reqs	 : 370
2010-09-16-07:10:00.000-05:00I----- pdweb.jct.16 max	 : 3.184
2010-09-16-07:10:00.000-05:00I----- pdweb.jct.16 avg	 : 0.223
2010-09-16-07:10:00.000-05:00I----- pdweb.jct.16 total	 : 1:22.680
2010-09-16-07:15:00.000-05:00I----- HPDRA0387I   pdweb.jct.16 statistics report
2010-09-16-07:15:00.000-05:00I----- pdweb.jct.16 [/UserProfile]
2010-09-16-07:15:00.000-05:00I----- pdweb.jct.16 reqs	 : 370
2010-09-16-07:15:00.000-05:00I----- pdweb.jct.16 max	 : 3.184
2010-09-16-07:15:00.000-05:00I----- pdweb.jct.16 avg	 : 0.223
2010-09-16-07:15:00.000-05:00I----- pdweb.jct.16 total	 : 1:22.680
2010-09-16-07:20:00.000-05:00I----- HPDRA0387I   pdweb.jct.16 statistics report
2010-09-16-07:20:00.000-05:00I----- pdweb.jct.16 [/UserProfile]
2010-09-16-07:20:00.000-05:00I----- pdweb.jct.16 reqs	 : 370
2010-09-16-07:20:00.000-05:00I----- pdweb.jct.16 max	 : 3.184
2010-09-16-07:20:00.000-05:00I----- pdweb.jct.16 avg	 : 0.223
2010-09-16-07:20:00.000-05:00I----- pdweb.jct.16 total	 : 1:22.680
2010-09-16-07:25:00.000-05:00I----- HPDRA0387I   pdweb.jct.16 statistics report
2010-09-16-07:25:00.000-05:00I----- pdweb.jct.16 [/UserProfile]
2010-09-16-07:25:00.000-05:00I----- pdweb.jct.16 reqs	 : 370
2010-09-16-07:25:00.000-05:00I----- pdweb.jct.16 max	 : 3.184
2010-09-16-07:25:00.000-05:00I----- pdweb.jct.16 avg	 : 0.223
2010-09-16-07:25:00.000-05:00I----- pdweb.jct.16 total	 : 1:22.680
2010-09-16-07:30:00.000-05:00I----- HPDRA0387I   pdweb.jct.16 statistics report
2010-09-16-07:30:00.000-05:00I----- pdweb.jct.16 [/UserProfile]
2010-09-16-07:30:00.000-05:00I----- pdweb.jct.16 reqs	 : 370
2010-09-16-07:30:00.000-05:00I----- pdweb.jct.16 max	 : 3.184
2010-09-16-07:30:00.000-05:00I----- pdweb.jct.16 avg	 : 0.223
2010-09-16-07:30:00.000-05:00I----- pdweb.jct.16 total	 : 1:22.680
2010-09-16-07:35:00.000-05:00I----- HPDRA0387I   pdweb.jct.16 statistics report
2010-09-16-07:35:00.000-05:00I----- pdweb.jct.16 [/UserProfile]
2010-09-16-07:35:00.000-05:00I----- pdweb.jct.16 reqs	 : 370
2010-09-16-07:35:00.000-05:00I----- pdweb.jct.16 max	 : 3.184
2010-09-16-07:35:00.000-05:00I----- pdweb.jct.16 avg	 : 0.223
2010-09-16-07:35:00.000-05:00I----- pdweb.jct.16 total	 : 1:22.680
2010-09-16-07:40:00.000-05:00I----- HPDRA0387I   pdweb.jct.16 statistics report
2010-09-16-07:40:00.000-05:00I----- pdweb.jct.16 [/UserProfile]
2010-09-16-07:40:00.000-05:00I----- pdweb.jct.16 reqs	 : 370
2010-09-16-07:40:00.000-05:00I----- pdweb.jct.16 max	 : 3.184
2010-09-16-07:40:00.000-05:00I----- pdweb.jct.16 avg	 : 0.223
2010-09-16-07:40:00.000-05:00I----- pdweb.jct.16 total	 : 1:22.680
2010-09-16-07:45:00.000-05:00I----- HPDRA0387I   pdweb.jct.16 statistics report
2010-09-16-07:45:00.000-05:00I----- pdweb.jct.16 [/UserProfile]
2010-09-16-07:45:00.000-05:00I----- pdweb.jct.16 reqs	 : 370
2010-09-16-07:45:00.000-05:00I----- pdweb.jct.16 max	 : 3.184
2010-09-16-07:45:00.000-05:00I----- pdweb.jct.16 avg	 : 0.223
2010-09-16-07:45:00.000-05:00I----- pdweb.jct.16 total	 : 1:22.680
2010-09-16-07:50:00.000-05:00I----- HPDRA0387I   pdweb.jct.16 statistics report
2010-09-16-07:50:00.000-05:00I----- pdweb.jct.16 [/UserProfile]
2010-09-16-07:50:00.000-05:00I----- pdweb.jct.16 reqs	 : 370
2010-09-16-07:50:00.000-05:00I----- pdweb.jct.16 max	 : 3.184
2010-09-16-07:50:00.000-05:00I----- pdweb.jct.16 avg	 : 0.223
2010-09-16-07:50:00.000-05:00I----- pdweb.jct.16 total	 : 1:22.680
2010-09-16-07:55:00.000-05:00I----- HPDRA0387I   pdweb.jct.16 statistics report
2010-09-16-07:55:00.000-05:00I----- pdweb.jct.16 [/UserProfile]
2010-09-16-07:55:00.000-05:00I----- pdweb.jct.16 reqs	 : 370
2010-09-16-07:55:00.000-05:00I----- pdweb.jct.16 max	 : 3.184
2010-09-16-07:55:00.000-05:00I----- pdweb.jct.16 avg	 : 0.223
2010-09-16-07:55:00.000-05:00I----- pdweb.jct.16 total	 : 1:22.680
2010-09-16-08:00:00.000-05:00I----- HPDRA0387I   pdweb.jct.16 statistics report
2010-09-16-08:00:00.000-05:00I----- pdweb.jct.16 [/UserProfile]
2010-09-16-08:00:00.000-05:00I----- pdweb.jct.16 reqs	 : 370
2010-09-16-08:00:00.000-05:00I----- pdweb.jct.16 max	 : 3.184
2010-09-16-08:00:00.000-05:00I----- pdweb.jct.16 avg	 : 0.223
2010-09-16-08:00:00.000-05:00I----- pdweb.jct.16 total	 : 1:22.680
2010-09-16-08:05:00.000-05:00I----- HPDRA0387I   pdweb.jct.16 statistics report
2010-09-16-08:05:00.000-05:00I----- pdweb.jct.16 [/UserProfile]
2010-09-16-08:05:00.000-05:00I----- pdweb.jct.16 reqs	 : 370
2010-09-16-08:05:00.000-05:00I----- pdweb.jct.16 max	 : 3.184
2010-09-16-08:05:00.000-05:00I----- pdweb.jct.16 avg	 : 0.223
2010-09-16-08:05:00.000-05:00I----- pdweb.jct.16 total	 : 1:22.680
2010-09-16-08:10:00.000-05:00I----- HPDRA0387I   pdweb.jct.16 statistics report
2010-09-16-08:10:00.000-05:00I----- pdweb.jct.16 [/UserProfile]
2010-09-16-08:10:00.000-05:00I----- pdweb.jct.16 reqs	 : 370
2010-09-16-08:10:00.000-05:00I----- pdweb.jct.16 max	 : 3.184
2010-09-16-08:10:00.000-05:00I----- pdweb.jct.16 avg	 : 0.223
2010-09-16-08:10:00.000-05:00I----- pdweb.jct.16 total	 : 1:22.680
2010-09-16-08:15:00.000-05:00I----- HPDRA0387I   pdweb.jct.16 statistics report
2010-09-16-08:15:00.000-05:00I----- pdweb.jct.16 [/UserProfile]
2010-09-16-08:15:00.000-05:00I----- pdweb.jct.16 reqs	 : 370
2010-09-16-08:15:00.000-05:00I----- pdweb.jct.16 max	 : 3.184
2010-09-16-08:15:00.000-05:00I----- pdweb.jct.16 avg	 : 0.223
2010-09-16-08:15:00.000-05:00I----- pdweb.jct.16 total	 : 1:22.680
2010-09-16-08:20:00.000-05:00I----- HPDRA0387I   pdweb.jct.16 statistics report
2010-09-16-08:20:00.000-05:00I----- pdweb.jct.16 [/UserProfile]
2010-09-16-08:20:00.000-05:00I----- pdweb.jct.16 reqs	 : 370
2010-09-16-08:20:00.000-05:00I----- pdweb.jct.16 max	 : 3.184
2010-09-16-08:20:00.000-05:00I----- pdweb.jct.16 avg	 : 0.223
2010-09-16-08:20:00.000-05:00I----- pdweb.jct.16 total	 : 1:22.680
2010-09-16-08:25:00.000-05:00I----- HPDRA0387I   pdweb.jct.16 statistics report
2010-09-16-08:25:00.000-05:00I----- pdweb.jct.16 [/UserProfile]
2010-09-16-08:25:00.000-05:00I----- pdweb.jct.16 reqs	 : 370
2010-09-16-08:25:00.000-05:00I----- pdweb.jct.16 max	 : 3.184
2010-09-16-08:25:00.000-05:00I----- pdweb.jct.16 avg	 : 0.223
2010-09-16-08:25:00.000-05:00I----- pdweb.jct.16 total	 : 1:22.680
2010-09-16-08:30:00.000-05:00I----- HPDRA0387I   pdweb.jct.16 statistics report
2010-09-16-08:30:00.000-05:00I----- pdweb.jct.16 [/UserProfile]
2010-09-16-08:30:00.000-05:00I----- pdweb.jct.16 reqs	 : 370
2010-09-16-08:30:00.000-05:00I----- pdweb.jct.16 max	 : 3.184
2010-09-16-08:30:00.000-05:00I----- pdweb.jct.16 avg	 : 0.223
2010-09-16-08:30:00.000-05:00I----- pdweb.jct.16 total	 : 1:22.680
2010-09-16-08:35:00.000-05:00I----- HPDRA0387I   pdweb.jct.16 statistics report
2010-09-16-08:35:00.000-05:00I----- pdweb.jct.16 [/UserProfile]
2010-09-16-08:35:00.000-05:00I----- pdweb.jct.16 reqs	 : 370
2010-09-16-08:35:00.000-05:00I----- pdweb.jct.16 max	 : 3.184
2010-09-16-08:35:00.000-05:00I----- pdweb.jct.16 avg	 : 0.223
2010-09-16-08:35:00.000-05:00I----- pdweb.jct.16 total	 : 1:22.680
2010-09-16-08:40:00.000-05:00I----- HPDRA0387I   pdweb.jct.16 statistics report
2010-09-16-08:40:00.000-05:00I----- pdweb.jct.16 [/UserProfile]
2010-09-16-08:40:00.000-05:00I----- pdweb.jct.16 reqs	 : 370
2010-09-16-08:40:00.000-05:00I----- pdweb.jct.16 max	 : 3.184
2010-09-16-08:40:00.000-05:00I----- pdweb.jct.16 avg	 : 0.223
2010-09-16-08:40:00.000-05:00I----- pdweb.jct.16 total	 : 1:22.680
2010-09-16-08:45:00.000-05:00I----- HPDRA0387I   pdweb.jct.16 statistics report
2010-09-16-08:45:00.000-05:00I----- pdweb.jct.16 [/UserProfile]
2010-09-16-08:45:00.000-05:00I----- pdweb.jct.16 reqs	 : 370
2010-09-16-08:45:00.000-05:00I----- pdweb.jct.16 max	 : 3.184
2010-09-16-08:45:00.000-05:00I----- pdweb.jct.16 avg	 : 0.223
2010-09-16-08:45:00.000-05:00I----- pdweb.jct.16 total	 : 1:22.680
2010-09-16-08:50:00.000-05:00I----- HPDRA0387I   pdweb.jct.16 statistics report
2010-09-16-08:50:00.000-05:00I----- pdweb.jct.16 [/UserProfile]
2010-09-16-08:50:00.000-05:00I----- pdweb.jct.16 reqs	 : 370
2010-09-16-08:50:00.000-05:00I----- pdweb.jct.16 max	 : 3.184
2010-09-16-08:50:00.000-05:00I----- pdweb.jct.16 avg	 : 0.223
2010-09-16-08:50:00.000-05:00I----- pdweb.jct.16 total	 : 1:22.680
2010-09-16-08:55:00.000-05:00I----- HPDRA0387I   pdweb.jct.16 statistics report
2010-09-16-08:55:00.000-05:00I----- pdweb.jct.16 [/UserProfile]
2010-09-16-08:55:00.000-05:00I----- pdweb.jct.16 reqs	 : 370
2010-09-16-08:55:00.000-05:00I----- pdweb.jct.16 max	 : 3.184
2010-09-16-08:55:00.000-05:00I----- pdweb.jct.16 avg	 : 0.223
2010-09-16-08:55:00.000-05:00I----- pdweb.jct.16 total	 : 1:22.680
2010-09-16-09:00:00.000-05:00I----- HPDRA0387I   pdweb.jct.16 statistics report
2010-09-16-09:00:00.000-05:00I----- pdweb.jct.16 [/UserProfile]
2010-09-16-09:00:00.000-05:00I----- pdweb.jct.16 reqs	 : 370
2010-09-16-09:00:00.000-05:00I----- pdweb.jct.16 max	 : 3.184
2010-09-16-09:00:00.000-05:00I----- pdweb.jct.16 avg	 : 0.223
2010-09-16-09:00:00.000-05:00I----- pdweb.jct.16 total	 : 1:22.680
2010-09-16-09:05:00.000-05:00I----- HPDRA0387I   pdweb.jct.16 statistics report
2010-09-16-09:05:00.000-05:00I----- pdweb.jct.16 [/UserProfile]
2010-09-16-09:05:00.000-05:00I----- pdweb.jct.16 reqs	 : 370
2010-09-16-09:05:00.000-05:00I----- pdweb.jct.16 max	 : 3.184
2010-09-16-09:05:00.000-05:00I----- pdweb.jct.16 avg	 : 0.223
2010-09-16-09:05:00.000-05:00I----- pdweb.jct.16 total	 : 1:22.680
2010-09-16-09:10:00.000-05:00I----- HPDRA0387I   pdweb.jct.16 statistics report
2010-09-16-09:10:00.000-05:00I----- pdweb.jct.16 [/UserProfile]
2010-09-16-09:10:00.000-05:00I----- pdweb.jct.16 reqs	 : 370
2010-09-16-09:10:00.000-05:00I----- pdweb.jct.16 max	 : 3.184
2010-09-16-09:10:00.000-05:00I----- pdweb.jct.16 avg	 : 0.223
2010-09-16-09:10:00.000-05:00I----- pdweb.jct.16 total	 : 1:22.680
2010-09-16-09:15:00.000-05:00I----- HPDRA0387I   pdweb.jct.16 statistics report
2010-09-16-09:15:00.000-05:00I----- pdweb.jct.16 [/UserProfile]
2010-09-16-09:15:00.000-05:00I----- pdweb.jct.16 reqs	 : 370
2010-09-16-09:15:00.000-05:00I----- pdweb.jct.16 max	 : 3.184
2010-09-16-09:15:00.000-05:00I----- pdweb.jct.16 avg	 : 0.223
2010-09-16-09:15:00.000-05:00I----- pdweb.jct.16 total	 : 1:22.680
2010-09-16-09:20:00.000-05:00I----- HPDRA0387I   pdweb.jct.16 statistics report
2010-09-16-09:20:00.000-05:00I----- pdweb.jct.16 [/UserProfile]
2010-09-16-09:20:00.000-05:00I----- pdweb.jct.16 reqs	 : 370
2010-09-16-09:20:00.000-05:00I----- pdweb.jct.16 max	 : 3.184
2010-09-16-09:20:00.000-05:00I----- pdweb.jct.16 avg	 : 0.223
2010-09-16-09:20:00.000-05:00I----- pdweb.jct.16 total	 : 1:22.680
2010-09-16-09:25:00.000-05:00I----- HPDRA0387I   pdweb.jct.16 statistics report
2010-09-16-09:25:00.000-05:00I----- pdweb.jct.16 [/UserProfile]
2010-09-16-09:25:00.000-05:00I----- pdweb.jct.16 reqs	 : 370
2010-09-16-09:25:00.000-05:00I----- pdweb.jct.16 max	 : 3.184
2010-09-16-09:25:00.000-05:00I----- pdweb.jct.16 avg	 : 0.223
2010-09-16-09:25:00.000-05:00I----- pdweb.jct.16 total	 : 1:22.680
2010-09-16-09:30:00.000-05:00I----- HPDRA0387I   pdweb.jct.16 statistics report
2010-09-16-09:30:00.000-05:00I----- pdweb.jct.16 [/UserProfile]
2010-09-16-09:30:00.000-05:00I----- pdweb.jct.16 reqs	 : 370
2010-09-16-09:30:00.000-05:00I----- pdweb.jct.16 max	 : 3.184
2010-09-16-09:30:00.000-05:00I----- pdweb.jct.16 avg	 : 0.223
2010-09-16-09:30:00.000-05:00I----- pdweb.jct.16 total	 : 1:22.680
2010-09-16-09:35:00.000-05:00I----- HPDRA0387I   pdweb.jct.16 statistics report
2010-09-16-09:35:00.000-05:00I----- pdweb.jct.16 [/UserProfile]
2010-09-16-09:35:00.000-05:00I----- pdweb.jct.16 reqs	 : 370
2010-09-16-09:35:00.000-05:00I----- pdweb.jct.16 max	 : 3.184
2010-09-16-09:35:00.000-05:00I----- pdweb.jct.16 avg	 : 0.223
2010-09-16-09:35:00.000-05:00I----- pdweb.jct.16 total	 : 1:22.680
2010-09-16-09:40:00.000-05:00I----- HPDRA0387I   pdweb.jct.16 statistics report
2010-09-16-09:40:00.000-05:00I----- pdweb.jct.16 [/UserProfile]
2010-09-16-09:40:00.000-05:00I----- pdweb.jct.16 reqs	 : 370
2010-09-16-09:40:00.000-05:00I----- pdweb.jct.16 max	 : 3.184
2010-09-16-09:40:00.000-05:00I----- pdweb.jct.16 avg	 : 0.223
2010-09-16-09:40:00.000-05:00I----- pdweb.jct.16 total	 : 1:22.680
2010-09-16-09:45:00.000-05:00I----- HPDRA0387I   pdweb.jct.16 statistics report
2010-09-16-09:45:00.000-05:00I----- pdweb.jct.16 [/UserProfile]
2010-09-16-09:45:00.000-05:00I----- pdweb.jct.16 reqs	 : 370
2010-09-16-09:45:00.000-05:00I----- pdweb.jct.16 max	 : 3.184
2010-09-16-09:45:00.000-05:00I----- pdweb.jct.16 avg	 : 0.223
2010-09-16-09:45:00.000-05:00I----- pdweb.jct.16 total	 : 1:22.680
2010-09-16-09:50:00.000-05:00I----- HPDRA0387I   pdweb.jct.16 statistics report
2010-09-16-09:50:00.000-05:00I----- pdweb.jct.16 [/UserProfile]
2010-09-16-09:50:00.000-05:00I----- pdweb.jct.16 reqs	 : 370
2010-09-16-09:50:00.000-05:00I----- pdweb.jct.16 max	 : 3.184
2010-09-16-09:50:00.000-05:00I----- pdweb.jct.16 avg	 : 0.223
2010-09-16-09:50:00.000-05:00I----- pdweb.jct.16 total	 : 1:22.680
2010-09-16-09:55:00.000-05:00I----- HPDRA0387I   pdweb.jct.16 statistics report
2010-09-16-09:55:00.000-05:00I----- pdweb.jct.16 [/UserProfile]
2010-09-16-09:55:00.000-05:00I----- pdweb.jct.16 reqs	 : 370
2010-09-16-09:55:00.000-05:00I----- pdweb.jct.16 max	 : 3.184
2010-09-16-09:55:00.000-05:00I----- pdweb.jct.16 avg	 : 0.223
2010-09-16-09:55:00.000-05:00I----- pdweb.jct.16 total	 : 1:22.680
